(2025-03-13) : Model - o3-mini, Technique - allStepsAtOnce, Test Name - incorrect_selector 

Result: {0: {'TimeTaken': 82.10878229141235, 'Result': False, 'Failure Reason': None}, 1: {'TimeTaken': 179.1598663330078, 'Result': True, 'Failure Reason': None}, 2: {'TimeTaken': 144.83303952217102, 'Result': True, 'Failure Reason': None}, 3: {'TimeTaken': 131.92029976844788, 'Result': True, 'Failure Reason': None}, 4: {'TimeTaken': 195.34991884231567, 'Result': True, 'Failure Reason': None}, 5: {'TimeTaken': 145.24352502822876, 'Result': True, 'Failure Reason': None}, 6: {'TimeTaken': 128.62381529808044, 'Result': True, 'Failure Reason': None}, 7: {'TimeTaken': 150.90570902824402, 'Result': True, 'Failure Reason': None}, 8: {'TimeTaken': 131.38586497306824, 'Result': True, 'Failure Reason': None}, 9: {'TimeTaken': 198.22117710113525, 'Result': True, 'Failure Reason': None}, 10: {'TimeTaken': 202.0736722946167, 'Result': True, 'Failure Reason': None}, 11: {'TimeTaken': 72.66827583312988, 'Result': False, 'Failure Reason': None}, 12: {'TimeTaken': 102.28216075897217, 'Result': True, 'Failure Reason': None}, 13: {'TimeTaken': 232.11016845703125, 'Result': True, 'Failure Reason': None}, 14: {'TimeTaken': 67.46084022521973, 'Result': False, 'Failure Reason': None}, 15: {'TimeTaken': 60.38551354408264, 'Result': True, 'Failure Reason': None}, 16: {'TimeTaken': 227.90874314308167, 'Result': True, 'Failure Reason': None}, 17: {'TimeTaken': 147.37380504608154, 'Result': True, 'Failure Reason': None}, 18: {'TimeTaken': 129.3915877342224, 'Result': False, 'Failure Reason': None}, 19: {'TimeTaken': 88.0096538066864, 'Result': False, 'Failure Reason': None}} 

------------------------------------------------------------------ 
(2025-03-13) : Model - o3-mini, Technique - allStepsAtOnce, Test Name - port_mismatch 

Result: {0: {'TimeTaken': 76.17187190055847, 'Result': True, 'Failure Reason': None}, 1: {'TimeTaken': 78.03076124191284, 'Result': True, 'Failure Reason': None}, 2: {'TimeTaken': 68.59276843070984, 'Result': True, 'Failure Reason': None}, 3: {'TimeTaken': 81.69062995910645, 'Result': True, 'Failure Reason': None}, 4: {'TimeTaken': 77.27332973480225, 'Result': True, 'Failure Reason': None}, 5: {'TimeTaken': 81.70442509651184, 'Result': True, 'Failure Reason': None}, 6: {'TimeTaken': 69.47260427474976, 'Result': True, 'Failure Reason': None}, 7: {'TimeTaken': 116.33217644691467, 'Result': True, 'Failure Reason': None}, 8: {'TimeTaken': 105.70133709907532, 'Result': True, 'Failure Reason': None}, 9: {'TimeTaken': 79.61844205856323, 'Result': True, 'Failure Reason': None}, 10: {'TimeTaken': 80.37202167510986, 'Result': True, 'Failure Reason': None}, 11: {'TimeTaken': 107.15417313575745, 'Result': True, 'Failure Reason': None}, 12: {'TimeTaken': 109.09643054008484, 'Result': True, 'Failure Reason': None}, 13: {'TimeTaken': 108.58354949951172, 'Result': True, 'Failure Reason': None}, 14: {'TimeTaken': 75.86302661895752, 'Result': True, 'Failure Reason': None}, 15: {'TimeTaken': 83.53808116912842, 'Result': True, 'Failure Reason': None}, 16: {'TimeTaken': 75.22724151611328, 'Result': True, 'Failure Reason': None}, 17: {'TimeTaken': 72.62208008766174, 'Result': True, 'Failure Reason': None}, 18: {'TimeTaken': 67.90944504737854, 'Result': True, 'Failure Reason': None}, 19: {'TimeTaken': 111.77485942840576, 'Result': True, 'Failure Reason': None}} 

------------------------------------------------------------------ 
(2025-03-13) : Model - o3-mini, Technique - allStepsAtOnce, Test Name - readiness_failure 

Result: {0: {'TimeTaken': 87.13070392608643, 'Result': False, 'Failure Reason': None}, 1: {'TimeTaken': 770.1876740455627, 'Result': False, 'Failure Reason': None}, 2: {'TimeTaken': 68.70027828216553, 'Result': False, 'Failure Reason': None}, 3: {'TimeTaken': 410.3936483860016, 'Result': True, 'Failure Reason': None}, 4: {'TimeTaken': 59.85020160675049, 'Result': False, 'Failure Reason': None}, 5: {'TimeTaken': 213.59056401252747, 'Result': True, 'Failure Reason': None}, 6: {'TimeTaken': 38.24119424819946, 'Result': True, 'Failure Reason': None}, 7: {'TimeTaken': 35.89046907424927, 'Result': False, 'Failure Reason': None}, 8: {'TimeTaken': 1386.3372275829315, 'Result': True, 'Failure Reason': None}, 9: {'TimeTaken': 537.5325992107391, 'Result': False, 'Failure Reason': None}, 10: {'TimeTaken': 115.93154120445251, 'Result': True, 'Failure Reason': None}, 11: {'TimeTaken': 338.1020019054413, 'Result': True, 'Failure Reason': None}, 12: {'TimeTaken': 760.3205506801605, 'Result': False, 'Failure Reason': None}, 13: {'TimeTaken': 41.87098503112793, 'Result': False, 'Failure Reason': None}, 14: {'TimeTaken': 32.826149463653564, 'Result': True, 'Failure Reason': None}, 15: {'TimeTaken': 49.90333080291748, 'Result': False, 'Failure Reason': None}, 16: {'TimeTaken': 94.07001113891602, 'Result': False, 'Failure Reason': None}, 17: {'TimeTaken': 123.46964931488037, 'Result': True, 'Failure Reason': None}, 18: {'TimeTaken': 44.77106213569641, 'Result': True, 'Failure Reason': None}, 19: {'TimeTaken': 29.35174059867859, 'Result': False, 'Failure Reason': None}} 

------------------------------------------------------------------ 
(2025-03-13) : Model - o3-mini, Technique - allStepsAtOnce, Test Name - wrong_interface 

Result: {0: {'TimeTaken': 85.07893991470337, 'Result': True, 'Failure Reason': None}, 1: {'TimeTaken': 105.587397813797, 'Result': True, 'Failure Reason': None}, 2: {'TimeTaken': 114.82155299186707, 'Result': True, 'Failure Reason': None}, 3: {'TimeTaken': 74.57732510566711, 'Result': True, 'Failure Reason': None}, 4: {'TimeTaken': 85.92326641082764, 'Result': True, 'Failure Reason': None}, 5: {'TimeTaken': 77.79753851890564, 'Result': True, 'Failure Reason': None}, 6: {'TimeTaken': 109.51316976547241, 'Result': True, 'Failure Reason': None}, 7: {'TimeTaken': 94.76924085617065, 'Result': True, 'Failure Reason': None}, 8: {'TimeTaken': 101.28959584236145, 'Result': True, 'Failure Reason': None}, 9: {'TimeTaken': 81.70030879974365, 'Result': True, 'Failure Reason': None}, 10: {'TimeTaken': 89.93469429016113, 'Result': True, 'Failure Reason': None}, 11: {'TimeTaken': 74.48973655700684, 'Result': True, 'Failure Reason': None}, 12: {'TimeTaken': 103.29648566246033, 'Result': True, 'Failure Reason': None}, 13: {'TimeTaken': 76.76754069328308, 'Result': True, 'Failure Reason': None}, 14: {'TimeTaken': 47.71598434448242, 'Result': True, 'Failure Reason': None}, 15: {'TimeTaken': 163.4879400730133, 'Result': True, 'Failure Reason': None}, 16: {'TimeTaken': 72.01790308952332, 'Result': True, 'Failure Reason': None}, 17: {'TimeTaken': 73.2301173210144, 'Result': True, 'Failure Reason': None}, 18: {'TimeTaken': 82.127845287323, 'Result': True, 'Failure Reason': None}, 19: {'TimeTaken': 77.59296083450317, 'Result': True, 'Failure Reason': None}} 

------------------------------------------------------------------ 
(2025-03-13) : Model - o3-mini, Technique - allStepsAtOnce, Test Name - wrong_port 

Result: {0: {'TimeTaken': 55.53685259819031, 'Result': True, 'Failure Reason': None}, 1: {'TimeTaken': 38.65532445907593, 'Result': True, 'Failure Reason': None}, 2: {'TimeTaken': 106.24818229675293, 'Result': True, 'Failure Reason': None}, 3: {'TimeTaken': 50.213375091552734, 'Result': True, 'Failure Reason': None}, 4: {'TimeTaken': 123.44224691390991, 'Result': True, 'Failure Reason': None}, 5: {'TimeTaken': 247.76330280303955, 'Result': True, 'Failure Reason': None}, 6: {'TimeTaken': 125.60334992408752, 'Result': True, 'Failure Reason': None}, 7: {'TimeTaken': 172.1073067188263, 'Result': True, 'Failure Reason': None}, 8: {'TimeTaken': 80.46275067329407, 'Result': True, 'Failure Reason': None}, 9: {'TimeTaken': 168.8944957256317, 'Result': True, 'Failure Reason': None}, 10: {'TimeTaken': 487.58994150161743, 'Result': True, 'Failure Reason': None}, 11: {'TimeTaken': 73.19834589958191, 'Result': True, 'Failure Reason': None}, 12: {'TimeTaken': 32.08215570449829, 'Result': True, 'Failure Reason': None}, 13: {'TimeTaken': 137.4924132823944, 'Result': True, 'Failure Reason': None}, 14: {'TimeTaken': 44.776350021362305, 'Result': True, 'Failure Reason': None}, 15: {'TimeTaken': 256.2693784236908, 'Result': True, 'Failure Reason': None}, 16: {'TimeTaken': 199.8306746482849, 'Result': True, 'Failure Reason': None}, 17: {'TimeTaken': 169.397803068161, 'Result': True, 'Failure Reason': None}, 18: {'TimeTaken': 47.293641328811646, 'Result': True, 'Failure Reason': None}, 19: {'TimeTaken': 278.493421792984, 'Result': True, 'Failure Reason': None}} 

------------------------------------------------------------------ 

(2025-03-13) : Model - o3-mini, Technique - stepByStep, Test Name - incorrect_selector 

Result: {0: {'TimeTaken': 115.04491186141968, 'Result': True, 'Failure Reason': None}, 1: {'TimeTaken': 78.0194628238678, 'Result': True, 'Failure Reason': None}, 2: {'TimeTaken': 70.22808647155762, 'Result': True, 'Failure Reason': None}, 3: {'TimeTaken': 109.63217830657959, 'Result': True, 'Failure Reason': None}, 4: {'TimeTaken': 17.20593547821045, 'Result': False, 'Failure Reason': None}, 5: {'TimeTaken': 69.92432594299316, 'Result': True, 'Failure Reason': None}, 6: {'TimeTaken': 12.762468814849854, 'Result': False, 'Failure Reason': None}, 7: {'TimeTaken': 52.52991223335266, 'Result': True, 'Failure Reason': None}, 8: {'TimeTaken': 60.17903709411621, 'Result': True, 'Failure Reason': None}, 9: {'TimeTaken': 55.24626111984253, 'Result': True, 'Failure Reason': None}, 10: {'TimeTaken': 91.57823586463928, 'Result': True, 'Failure Reason': None}, 11: {'TimeTaken': 108.34781646728516, 'Result': True, 'Failure Reason': None}, 12: {'TimeTaken': 18.206198692321777, 'Result': False, 'Failure Reason': None}, 13: {'TimeTaken': 61.27407455444336, 'Result': True, 'Failure Reason': None}, 14: {'TimeTaken': 65.76208972930908, 'Result': True, 'Failure Reason': None}, 15: {'TimeTaken': 86.09629893302917, 'Result': True, 'Failure Reason': None}, 16: {'TimeTaken': 114.63943862915039, 'Result': True, 'Failure Reason': None}, 17: {'TimeTaken': 71.48529028892517, 'Result': True, 'Failure Reason': None}, 18: {'TimeTaken': 63.341461420059204, 'Result': True, 'Failure Reason': None}, 19: {'TimeTaken': 154.88298773765564, 'Result': True, 'Failure Reason': None}} 

------------------------------------------------------------------ 
(2025-03-13) : Model - o3-mini, Technique - stepByStep, Test Name - port_mismatch 

Result: {0: {'TimeTaken': 145.4100856781006, 'Result': True, 'Failure Reason': None}, 1: {'TimeTaken': 105.80515480041504, 'Result': True, 'Failure Reason': None}, 2: {'TimeTaken': 171.48987674713135, 'Result': True, 'Failure Reason': None}, 3: {'TimeTaken': 115.5405044555664, 'Result': True, 'Failure Reason': None}, 4: {'TimeTaken': 96.6900064945221, 'Result': True, 'Failure Reason': None}, 5: {'TimeTaken': 129.43683624267578, 'Result': True, 'Failure Reason': None}, 6: {'TimeTaken': 86.0889151096344, 'Result': True, 'Failure Reason': None}, 7: {'TimeTaken': 81.95193696022034, 'Result': True, 'Failure Reason': None}, 8: {'TimeTaken': 126.244873046875, 'Result': True, 'Failure Reason': None}, 9: {'TimeTaken': 92.25192093849182, 'Result': True, 'Failure Reason': None}, 10: {'TimeTaken': 101.9349250793457, 'Result': True, 'Failure Reason': None}, 11: {'TimeTaken': 102.4914984703064, 'Result': True, 'Failure Reason': None}, 12: {'TimeTaken': 118.16627287864685, 'Result': True, 'Failure Reason': None}, 13: {'TimeTaken': 98.40222692489624, 'Result': True, 'Failure Reason': None}, 14: {'TimeTaken': 110.87252020835876, 'Result': True, 'Failure Reason': None}, 15: {'TimeTaken': 20.149779796600342, 'Result': True, 'Failure Reason': None}, 16: {'TimeTaken': 110.31725144386292, 'Result': True, 'Failure Reason': None}, 17: {'TimeTaken': 91.24096965789795, 'Result': True, 'Failure Reason': None}, 18: {'TimeTaken': 98.64228439331055, 'Result': True, 'Failure Reason': None}, 19: {'TimeTaken': 110.08357310295105, 'Result': True, 'Failure Reason': None}} 

------------------------------------------------------------------ 
(2025-03-14) : Model - o3-mini, Technique - stepByStep, Test Name - readiness_failure 

Result: {0: {'TimeTaken': 63.4821035861969, 'Result': True, 'Failure Reason': None}, 1: {'TimeTaken': 272.24458527565, 'Result': True, 'Failure Reason': None}, 2: {'TimeTaken': 10.565024614334106, 'Result': False, 'Failure Reason': None}, 3: {'TimeTaken': 67.43103647232056, 'Result': False, 'Failure Reason': None}, 4: {'TimeTaken': 126.57866525650024, 'Result': False, 'Failure Reason': None}, 5: {'TimeTaken': 210.2498061656952, 'Result': False, 'Failure Reason': None}, 6: {'TimeTaken': 16.57201051712036, 'Result': False, 'Failure Reason': None}, 7: {'TimeTaken': 113.94200778007507, 'Result': True, 'Failure Reason': None}, 8: {'TimeTaken': 181.8395230770111, 'Result': False, 'Failure Reason': None}, 9: {'TimeTaken': 96.22858762741089, 'Result': False, 'Failure Reason': None}, 10: {'TimeTaken': 120.96175575256348, 'Result': True, 'Failure Reason': None}, 11: {'TimeTaken': 211.8531413078308, 'Result': False, 'Failure Reason': None}, 12: {'TimeTaken': 59.5553925037384, 'Result': True, 'Failure Reason': None}, 13: {'TimeTaken': 85.47999572753906, 'Result': False, 'Failure Reason': None}, 14: {'TimeTaken': 9.074440240859985, 'Result': False, 'Failure Reason': None}, 15: {'TimeTaken': 310.0392484664917, 'Result': False, 'Failure Reason': None}, 16: {'TimeTaken': 143.4754650592804, 'Result': True, 'Failure Reason': None}, 17: {'TimeTaken': 64.79978942871094, 'Result': False, 'Failure Reason': None}, 18: {'TimeTaken': 128.40389823913574, 'Result': False, 'Failure Reason': None}, 19: {'TimeTaken': 122.76786041259766, 'Result': True, 'Failure Reason': None}} 

------------------------------------------------------------------ 
(2025-03-14) : Model - o3-mini, Technique - stepByStep, Test Name - wrong_interface 

Result: {0: {'TimeTaken': 619.5946977138519, 'Result': True, 'Failure Reason': None}, 1: {'TimeTaken': 355.9757583141327, 'Result': True, 'Failure Reason': None}, 2: {'TimeTaken': 550.6765730381012, 'Result': True, 'Failure Reason': None}, 3: {'TimeTaken': 390.9699881076813, 'Result': True, 'Failure Reason': None}, 4: {'TimeTaken': 130.2776975631714, 'Result': True, 'Failure Reason': None}, 5: {'TimeTaken': 332.40264868736267, 'Result': True, 'Failure Reason': None}, 6: {'TimeTaken': 329.84237265586853, 'Result': True, 'Failure Reason': None}, 7: {'TimeTaken': 18.730363130569458, 'Result': None, 'Failure Reason': None}, 8: {'TimeTaken': 140.1493260860443, 'Result': True, 'Failure Reason': None}, 9: {'TimeTaken': 477.25820326805115, 'Result': True, 'Failure Reason': None}, 10: {'TimeTaken': 211.00601196289062, 'Result': True, 'Failure Reason': None}, 11: {'TimeTaken': 109.65320420265198, 'Result': True, 'Failure Reason': None}, 12: {'TimeTaken': 19.735760927200317, 'Result': None, 'Failure Reason': None}, 13: {'TimeTaken': None, 'Result': True, 'Failure Reason': None}, 14: {'TimeTaken': 130.85722255706787, 'Result': True, 'Failure Reason': None}, 15: {'TimeTaken': 147.81822228431702, 'Result': True, 'Failure Reason': None}, 16: {'TimeTaken': 140.33956861495972, 'Result': True, 'Failure Reason': None}, 17: {'TimeTaken': None, 'Result': True, 'Failure Reason': None}, 18: {'TimeTaken': 17.724621057510376, 'Result': None, 'Failure Reason': None}, 19: {'TimeTaken': 18.592196941375732, 'Result': None, 'Failure Reason': None}} 

------------------------------------------------------------------ 
(2025-03-14) : Model - o3-mini, Technique - stepByStep, Test Name - wrong_port 

Result: {0: {'TimeTaken': None, 'Result': True, 'Failure Reason': None}, 1: {'TimeTaken': 608.2801334857941, 'Result': True, 'Failure Reason': None}, 2: {'TimeTaken': 132.5737166404724, 'Result': True, 'Failure Reason': None}, 3: {'TimeTaken': 157.90331363677979, 'Result': True, 'Failure Reason': None}, 4: {'TimeTaken': 215.78401470184326, 'Result': True, 'Failure Reason': None}, 5: {'TimeTaken': 126.00386476516724, 'Result': True, 'Failure Reason': None}, 6: {'TimeTaken': 530.4873745441437, 'Result': True, 'Failure Reason': None}, 7: {'TimeTaken': 298.12393283843994, 'Result': True, 'Failure Reason': None}, 8: {'TimeTaken': 342.81594920158386, 'Result': True, 'Failure Reason': None}, 9: {'TimeTaken': 316.7694556713104, 'Result': True, 'Failure Reason': None}, 10: {'TimeTaken': 154.97565412521362, 'Result': True, 'Failure Reason': None}, 11: {'TimeTaken': 20.92081904411316, 'Result': True, 'Failure Reason': None}, 12: {'TimeTaken': 262.8096115589142, 'Result': True, 'Failure Reason': None}, 13: {'TimeTaken': 43.741610050201416, 'Result': True, 'Failure Reason': None}, 14: {'TimeTaken': 298.59441614151, 'Result': True, 'Failure Reason': None}, 15: {'TimeTaken': 16.671218872070312, 'Result': True, 'Failure Reason': None}, 16: {'TimeTaken': 204.97679996490479, 'Result': True, 'Failure Reason': None}, 17: {'TimeTaken': 806.9700100421906, 'Result': True, 'Failure Reason': None}, 18: {'TimeTaken': 22.519057035446167, 'Result': True, 'Failure Reason': None}, 19: {'TimeTaken': 285.62486505508423, 'Result': True, 'Failure Reason': None}} 

------------------------------------------------------------------ 
(2025-03-14) : Model - o3-mini, Technique - singleAgent, Test Name - incorrect_selector 

Result: {0: {'TimeTaken': 53.519081354141235, 'Result': True, 'Failure Reason': None}, 1: {'TimeTaken': 53.37998867034912, 'Result': True, 'Failure Reason': None}, 2: {'TimeTaken': 70.29728984832764, 'Result': False, 'Failure Reason': None}, 3: {'TimeTaken': 69.20956110954285, 'Result': True, 'Failure Reason': None}, 4: {'TimeTaken': 92.22853255271912, 'Result': True, 'Failure Reason': None}, 5: {'TimeTaken': 58.93119287490845, 'Result': True, 'Failure Reason': None}, 6: {'TimeTaken': 53.657021284103394, 'Result': True, 'Failure Reason': None}, 7: {'TimeTaken': 65.37766885757446, 'Result': True, 'Failure Reason': None}, 8: {'TimeTaken': 193.3513159751892, 'Result': True, 'Failure Reason': None}, 9: {'TimeTaken': 67.51033782958984, 'Result': None, 'Failure Reason': None}, 10: {'TimeTaken': 71.75039005279541, 'Result': True, 'Failure Reason': None}, 11: {'TimeTaken': 123.43409061431885, 'Result': True, 'Failure Reason': None}, 12: {'TimeTaken': 83.57734513282776, 'Result': True, 'Failure Reason': None}, 13: {'TimeTaken': 76.50265431404114, 'Result': True, 'Failure Reason': None}, 14: {'TimeTaken': 78.25132513046265, 'Result': True, 'Failure Reason': None}, 15: {'TimeTaken': 73.7605710029602, 'Result': True, 'Failure Reason': None}, 16: {'TimeTaken': 76.77511239051819, 'Result': True, 'Failure Reason': None}, 17: {'TimeTaken': 82.71738696098328, 'Result': True, 'Failure Reason': None}, 18: {'TimeTaken': 71.91189122200012, 'Result': True, 'Failure Reason': None}, 19: {'TimeTaken': 29.22571063041687, 'Result': True, 'Failure Reason': None}} 

------------------------------------------------------------------ 
(2025-03-14) : Model - o3-mini, Technique - singleAgent, Test Name - port_mismatch 

Result: {0: {'TimeTaken': 49.56790566444397, 'Result': True, 'Failure Reason': None}, 1: {'TimeTaken': 54.51689434051514, 'Result': True, 'Failure Reason': None}, 2: {'TimeTaken': 45.329251289367676, 'Result': False, 'Failure Reason': None}, 3: {'TimeTaken': 53.37948226928711, 'Result': True, 'Failure Reason': None}, 4: {'TimeTaken': 51.076416015625, 'Result': True, 'Failure Reason': None}, 5: {'TimeTaken': 56.12266397476196, 'Result': True, 'Failure Reason': None}, 6: {'TimeTaken': 57.402618169784546, 'Result': True, 'Failure Reason': None}, 7: {'TimeTaken': 56.08006405830383, 'Result': True, 'Failure Reason': None}, 8: {'TimeTaken': 65.20963788032532, 'Result': True, 'Failure Reason': None}, 9: {'TimeTaken': 78.53360319137573, 'Result': True, 'Failure Reason': None}, 10: {'TimeTaken': 61.197885036468506, 'Result': True, 'Failure Reason': None}, 11: {'TimeTaken': 92.87068843841553, 'Result': True, 'Failure Reason': None}, 12: {'TimeTaken': 55.888367891311646, 'Result': True, 'Failure Reason': None}, 13: {'TimeTaken': 100.04018878936768, 'Result': True, 'Failure Reason': None}, 14: {'TimeTaken': 52.87431454658508, 'Result': True, 'Failure Reason': None}, 15: {'TimeTaken': 52.15303349494934, 'Result': True, 'Failure Reason': None}, 16: {'TimeTaken': 53.13387966156006, 'Result': True, 'Failure Reason': None}, 17: {'TimeTaken': 52.398892641067505, 'Result': True, 'Failure Reason': None}, 18: {'TimeTaken': 51.09554433822632, 'Result': True, 'Failure Reason': None}, 19: {'TimeTaken': 53.692553997039795, 'Result': True, 'Failure Reason': None}} 

------------------------------------------------------------------ 
(2025-03-14) : Model - o3-mini, Technique - singleAgent, Test Name - readiness_failure 

Result: {0: {'TimeTaken': 23.94956088066101, 'Result': False, 'Failure Reason': None}, 1: {'TimeTaken': 31.680179595947266, 'Result': False, 'Failure Reason': None}, 2: {'TimeTaken': 169.3993682861328, 'Result': False, 'Failure Reason': None}, 3: {'TimeTaken': 25.613163709640503, 'Result': False, 'Failure Reason': None}, 4: {'TimeTaken': 45.956557512283325, 'Result': False, 'Failure Reason': None}, 5: {'TimeTaken': 48.989198207855225, 'Result': False, 'Failure Reason': None}, 6: {'TimeTaken': 22.58465003967285, 'Result': False, 'Failure Reason': None}, 7: {'TimeTaken': 40.479613065719604, 'Result': False, 'Failure Reason': None}, 8: {'TimeTaken': 54.47224736213684, 'Result': False, 'Failure Reason': None}, 9: {'TimeTaken': 58.241127252578735, 'Result': True, 'Failure Reason': None}, 10: {'TimeTaken': 18.227155685424805, 'Result': False, 'Failure Reason': None}, 11: {'TimeTaken': 47.15566611289978, 'Result': False, 'Failure Reason': None}, 12: {'TimeTaken': 111.25644016265869, 'Result': False, 'Failure Reason': None}, 13: {'TimeTaken': 20.1056969165802, 'Result': False, 'Failure Reason': None}, 14: {'TimeTaken': 58.11319541931152, 'Result': False, 'Failure Reason': None}, 15: {'TimeTaken': 44.35974740982056, 'Result': False, 'Failure Reason': None}, 16: {'TimeTaken': 49.556296586990356, 'Result': False, 'Failure Reason': None}, 17: {'TimeTaken': 19.963809967041016, 'Result': False, 'Failure Reason': None}, 18: {'TimeTaken': 53.12908220291138, 'Result': False, 'Failure Reason': None}, 19: {'TimeTaken': 287.3146266937256, 'Result': False, 'Failure Reason': None}} 

------------------------------------------------------------------ 
(2025-03-14) : Model - o3-mini, Technique - singleAgent, Test Name - wrong_interface 

Result: {0: {'TimeTaken': 62.49140667915344, 'Result': True, 'Failure Reason': None}, 1: {'TimeTaken': 60.109328746795654, 'Result': True, 'Failure Reason': None}, 2: {'TimeTaken': 57.39831233024597, 'Result': True, 'Failure Reason': None}, 3: {'TimeTaken': 66.04325318336487, 'Result': True, 'Failure Reason': None}, 4: {'TimeTaken': 60.20520496368408, 'Result': True, 'Failure Reason': None}, 5: {'TimeTaken': 67.86418962478638, 'Result': True, 'Failure Reason': None}, 6: {'TimeTaken': 57.21456742286682, 'Result': True, 'Failure Reason': None}, 7: {'TimeTaken': 70.24126935005188, 'Result': True, 'Failure Reason': None}, 8: {'TimeTaken': 54.15084171295166, 'Result': True, 'Failure Reason': None}, 9: {'TimeTaken': 164.5747790336609, 'Result': True, 'Failure Reason': None}, 10: {'TimeTaken': 66.64522933959961, 'Result': True, 'Failure Reason': None}, 11: {'TimeTaken': 64.58565139770508, 'Result': True, 'Failure Reason': None}, 12: {'TimeTaken': 56.52686905860901, 'Result': True, 'Failure Reason': None}, 13: {'TimeTaken': 57.318432569503784, 'Result': True, 'Failure Reason': None}, 14: {'TimeTaken': 63.99091100692749, 'Result': True, 'Failure Reason': None}, 15: {'TimeTaken': 74.78914260864258, 'Result': True, 'Failure Reason': None}, 16: {'TimeTaken': 73.49995350837708, 'Result': True, 'Failure Reason': None}, 17: {'TimeTaken': 93.34760165214539, 'Result': True, 'Failure Reason': None}, 18: {'TimeTaken': 77.44661045074463, 'Result': True, 'Failure Reason': None}, 19: {'TimeTaken': 65.38977432250977, 'Result': True, 'Failure Reason': None}} 

------------------------------------------------------------------ 
(2025-03-14) : Model - o3-mini, Technique - singleAgent, Test Name - wrong_port 

Result: {0: {'TimeTaken': 45.875927448272705, 'Result': True, 'Failure Reason': None}, 1: {'TimeTaken': 43.14472317695618, 'Result': True, 'Failure Reason': None}, 2: {'TimeTaken': 49.329469442367554, 'Result': True, 'Failure Reason': None}, 3: {'TimeTaken': 58.3376247882843, 'Result': True, 'Failure Reason': None}, 4: {'TimeTaken': 17.538176774978638, 'Result': True, 'Failure Reason': None}, 5: {'TimeTaken': 51.195072174072266, 'Result': True, 'Failure Reason': None}, 6: {'TimeTaken': 68.36572074890137, 'Result': True, 'Failure Reason': None}, 7: {'TimeTaken': 54.16270709037781, 'Result': True, 'Failure Reason': None}, 8: {'TimeTaken': 50.38687539100647, 'Result': True, 'Failure Reason': None}, 9: {'TimeTaken': 58.21439075469971, 'Result': True, 'Failure Reason': None}, 10: {'TimeTaken': 49.836029052734375, 'Result': True, 'Failure Reason': None}, 11: {'TimeTaken': 80.2867226600647, 'Result': True, 'Failure Reason': None}, 12: {'TimeTaken': 47.75060820579529, 'Result': True, 'Failure Reason': None}, 13: {'TimeTaken': 50.74857974052429, 'Result': True, 'Failure Reason': None}, 14: {'TimeTaken': 50.393534660339355, 'Result': True, 'Failure Reason': None}, 15: {'TimeTaken': 42.738452672958374, 'Result': True, 'Failure Reason': None}, 16: {'TimeTaken': 46.09906458854675, 'Result': True, 'Failure Reason': None}, 17: {'TimeTaken': 49.967363119125366, 'Result': True, 'Failure Reason': None}, 18: {'TimeTaken': 47.56626057624817, 'Result': True, 'Failure Reason': None}, 19: {'TimeTaken': 48.5476188659668, 'Result': True, 'Failure Reason': None}} 

------------------------------------------------------------------ 
(2025-03-14) : Model - llama3.3, Technique - allStepsAtOnce, Test Name - incorrect_selector 

Result: {0: {'TimeTaken': 83.59172463417053, 'Result': False, 'Failure Reason': None}, 1: {'TimeTaken': 49.83233833312988, 'Result': False, 'Failure Reason': None}, 2: {'TimeTaken': 51.028472661972046, 'Result': False, 'Failure Reason': None}, 3: {'TimeTaken': 53.678659200668335, 'Result': False, 'Failure Reason': None}, 4: {'TimeTaken': 52.06933569908142, 'Result': False, 'Failure Reason': None}, 5: {'TimeTaken': 52.84882855415344, 'Result': False, 'Failure Reason': None}, 6: {'TimeTaken': 62.97338581085205, 'Result': False, 'Failure Reason': None}, 7: {'TimeTaken': 60.5981330871582, 'Result': False, 'Failure Reason': None}, 8: {'TimeTaken': 48.186474084854126, 'Result': False, 'Failure Reason': None}, 9: {'TimeTaken': 83.81644344329834, 'Result': False, 'Failure Reason': None}, 10: {'TimeTaken': 42.248374938964844, 'Result': False, 'Failure Reason': None}, 11: {'TimeTaken': 58.16987085342407, 'Result': False, 'Failure Reason': None}, 12: {'TimeTaken': 55.438090562820435, 'Result': False, 'Failure Reason': None}, 13: {'TimeTaken': 49.743730545043945, 'Result': False, 'Failure Reason': None}, 14: {'TimeTaken': 41.81429386138916, 'Result': False, 'Failure Reason': None}, 15: {'TimeTaken': 79.02350735664368, 'Result': False, 'Failure Reason': None}, 16: {'TimeTaken': 61.316015005111694, 'Result': False, 'Failure Reason': None}, 17: {'TimeTaken': 67.15778088569641, 'Result': False, 'Failure Reason': None}, 18: {'TimeTaken': 93.17890286445618, 'Result': False, 'Failure Reason': None}, 19: {'TimeTaken': 67.3545789718628, 'Result': False, 'Failure Reason': None}} 

------------------------------------------------------------------ 
(2025-03-14) : Model - llama3.3, Technique - allStepsAtOnce, Test Name - port_mismatch 

Result: {0: {'TimeTaken': 76.07661700248718, 'Result': True, 'Failure Reason': None}, 1: {'TimeTaken': 74.91173934936523, 'Result': True, 'Failure Reason': None}, 2: {'TimeTaken': 113.3186731338501, 'Result': True, 'Failure Reason': None}, 3: {'TimeTaken': 104.00003004074097, 'Result': True, 'Failure Reason': None}, 4: {'TimeTaken': 86.06675100326538, 'Result': True, 'Failure Reason': None}, 5: {'TimeTaken': 66.89522051811218, 'Result': True, 'Failure Reason': None}, 6: {'TimeTaken': 88.24738264083862, 'Result': True, 'Failure Reason': None}, 7: {'TimeTaken': 54.65000629425049, 'Result': True, 'Failure Reason': None}, 8: {'TimeTaken': 61.52039170265198, 'Result': True, 'Failure Reason': None}, 9: {'TimeTaken': 72.01280474662781, 'Result': True, 'Failure Reason': None}, 10: {'TimeTaken': 61.84098982810974, 'Result': True, 'Failure Reason': None}, 11: {'TimeTaken': 69.54748225212097, 'Result': True, 'Failure Reason': None}, 12: {'TimeTaken': 63.13885498046875, 'Result': True, 'Failure Reason': None}, 13: {'TimeTaken': 82.51349186897278, 'Result': True, 'Failure Reason': None}, 14: {'TimeTaken': 80.25707769393921, 'Result': True, 'Failure Reason': None}, 15: {'TimeTaken': 69.85901427268982, 'Result': True, 'Failure Reason': None}, 16: {'TimeTaken': 68.43766117095947, 'Result': True, 'Failure Reason': None}, 17: {'TimeTaken': 71.50933837890625, 'Result': True, 'Failure Reason': None}, 18: {'TimeTaken': 21.095867156982422, 'Result': True, 'Failure Reason': None}, 19: {'TimeTaken': 84.63370680809021, 'Result': True, 'Failure Reason': None}} 

------------------------------------------------------------------ 
(2025-03-14) : Model - llama3.3, Technique - allStepsAtOnce, Test Name - readiness_failure 

Result: {0: {'TimeTaken': 52.50694918632507, 'Result': False, 'Failure Reason': None}, 1: {'TimeTaken': 70.45702624320984, 'Result': False, 'Failure Reason': ' The readiness probe configuration was updated, but the pod is still not running. '}, 2: {'TimeTaken': 42.40889644622803, 'Result': True, 'Failure Reason': None}, 3: {'TimeTaken': 84.01441097259521, 'Result': False, 'Failure Reason': None}, 4: {'TimeTaken': 56.468252420425415, 'Result': False, 'Failure Reason': None}, 5: {'TimeTaken': 60.92824840545654, 'Result': False, 'Failure Reason': None}, 6: {'TimeTaken': 54.31124806404114, 'Result': False, 'Failure Reason': None}, 7: {'TimeTaken': 252.41695499420166, 'Result': False, 'Failure Reason': None}, 8: {'TimeTaken': 63.85061049461365, 'Result': False, 'Failure Reason': None}, 9: {'TimeTaken': 47.909560203552246, 'Result': False, 'Failure Reason': None}, 10: {'TimeTaken': 78.53769588470459, 'Result': False, 'Failure Reason': ' '}, 11: {'TimeTaken': 53.76326012611389, 'Result': False, 'Failure Reason': None}, 12: {'TimeTaken': 46.072110414505005, 'Result': False, 'Failure Reason': None}, 13: {'TimeTaken': 53.08751344680786, 'Result': False, 'Failure Reason': None}, 14: {'TimeTaken': 50.510013818740845, 'Result': False, 'Failure Reason': None}, 15: {'TimeTaken': 62.2895770072937, 'Result': True, 'Failure Reason': None}, 16: {'TimeTaken': 76.65806078910828, 'Result': True, 'Failure Reason': None}, 17: {'TimeTaken': 60.795653104782104, 'Result': False, 'Failure Reason': None}, 18: {'TimeTaken': 54.485703468322754, 'Result': True, 'Failure Reason': None}, 19: {'TimeTaken': 41.0808482170105, 'Result': False, 'Failure Reason': None}} 

------------------------------------------------------------------ 
(2025-03-14) : Model - llama3.3, Technique - allStepsAtOnce, Test Name - wrong_interface 

Result: {0: {'TimeTaken': 65.49374914169312, 'Result': True, 'Failure Reason': None}, 1: {'TimeTaken': 103.21645712852478, 'Result': True, 'Failure Reason': None}, 2: {'TimeTaken': 73.45974731445312, 'Result': True, 'Failure Reason': None}, 3: {'TimeTaken': 83.95004034042358, 'Result': True, 'Failure Reason': None}, 4: {'TimeTaken': 63.10181522369385, 'Result': True, 'Failure Reason': None}, 5: {'TimeTaken': 21.738386869430542, 'Result': None, 'Failure Reason': None}, 6: {'TimeTaken': 82.93765902519226, 'Result': True, 'Failure Reason': None}, 7: {'TimeTaken': 67.79395771026611, 'Result': True, 'Failure Reason': ' The reason we were unable to resolve the issue is that after applying all of these steps, when checking if the status says \'RUNNING\', it did not say \'RUNNING\'.  Also, another command that could have caused an error is `kubectl delete pod -l app=kube-wrong-interface` because this invocation may not find any matching pods to delete if there are no pods with the label "app: kube-wrong-interface", which will result in an error. '}, 8: {'TimeTaken': 84.90078473091125, 'Result': None, 'Failure Reason': None}, 9: {'TimeTaken': 28.02961230278015, 'Result': None, 'Failure Reason': None}, 10: {'TimeTaken': 73.0039930343628, 'Result': True, 'Failure Reason': None}, 11: {'TimeTaken': 22.428111791610718, 'Result': None, 'Failure Reason': None}, 12: {'TimeTaken': 73.19075083732605, 'Result': True, 'Failure Reason': None}, 13: {'TimeTaken': 80.44821643829346, 'Result': True, 'Failure Reason': None}, 14: {'TimeTaken': 80.28739881515503, 'Result': True, 'Failure Reason': None}, 15: {'TimeTaken': 72.68291544914246, 'Result': True, 'Failure Reason': None}, 16: {'TimeTaken': 80.6897611618042, 'Result': True, 'Failure Reason': ' The reason is that the pods are not running yet. '}, 17: {'TimeTaken': 90.77325439453125, 'Result': True, 'Failure Reason': None}, 18: {'TimeTaken': 64.65780663490295, 'Result': True, 'Failure Reason': None}, 19: {'TimeTaken': 64.36186361312866, 'Result': True, 'Failure Reason': None}} 

------------------------------------------------------------------ 
(2025-03-14) : Model - llama3.3, Technique - allStepsAtOnce, Test Name - wrong_port 

Result: {0: {'TimeTaken': 26.575964212417603, 'Result': True, 'Failure Reason': None}, 1: {'TimeTaken': 44.08911442756653, 'Result': True, 'Failure Reason': None}, 2: {'TimeTaken': 83.72005414962769, 'Result': True, 'Failure Reason': None}, 3: {'TimeTaken': 56.58672380447388, 'Result': True, 'Failure Reason': None}, 4: {'TimeTaken': 65.18111157417297, 'Result': True, 'Failure Reason': None}, 5: {'TimeTaken': 157.15291237831116, 'Result': True, 'Failure Reason': None}, 6: {'TimeTaken': 115.0490210056305, 'Result': True, 'Failure Reason': ' The provided steps did not resolve the port access issue, and further detailed investigation into server.py changes, network policies, or potential misconfigurations in the deployment file is necessary. '}, 7: {'TimeTaken': 96.8455581665039, 'Result': True, 'Failure Reason': None}, 8: {'TimeTaken': 70.24368977546692, 'Result': True, 'Failure Reason': None}, 9: {'TimeTaken': 86.8054690361023, 'Result': True, 'Failure Reason': None}, 10: {'TimeTaken': 131.29245281219482, 'Result': True, 'Failure Reason': None}, 11: {'TimeTaken': 34.00814080238342, 'Result': True, 'Failure Reason': None}, 12: {'TimeTaken': 32.77240204811096, 'Result': True, 'Failure Reason': None}, 13: {'TimeTaken': 99.51085877418518, 'Result': True, 'Failure Reason': None}, 14: {'TimeTaken': 108.82202506065369, 'Result': True, 'Failure Reason': None}, 15: {'TimeTaken': 85.45288276672363, 'Result': True, 'Failure Reason': None}, 16: {'TimeTaken': 206.25176525115967, 'Result': True, 'Failure Reason': 'The reason for the error is that the kubectl logs command returned a non-zero exit status 2. Additionally, the kubectl run command also failed with a non-zero exit status 1.'}, 17: {'TimeTaken': 99.10691165924072, 'Result': True, 'Failure Reason': None}, 18: {'TimeTaken': 63.695106983184814, 'Result': True, 'Failure Reason': None}, 19: {'TimeTaken': 39.25036144256592, 'Result': True, 'Failure Reason': None}} 

------------------------------------------------------------------ 
(2025-03-14) : Model - llama3.3, Technique - stepByStep, Test Name - incorrect_selector 

Result: {0: {'TimeTaken': 152.18575048446655, 'Result': False, 'Failure Reason': None}, 1: {'TimeTaken': 64.5803894996643, 'Result': True, 'Failure Reason': None}, 2: {'TimeTaken': 72.67843985557556, 'Result': True, 'Failure Reason': None}, 3: {'TimeTaken': 50.70080590248108, 'Result': True, 'Failure Reason': None}, 4: {'TimeTaken': 257.7371778488159, 'Result': False, 'Failure Reason': None}, 5: {'TimeTaken': 16.6455397605896, 'Result': True, 'Failure Reason': None}, 6: {'TimeTaken': 143.4138889312744, 'Result': True, 'Failure Reason': None}, 7: {'TimeTaken': 217.24005699157715, 'Result': True, 'Failure Reason': None}, 8: {'TimeTaken': 98.89669728279114, 'Result': True, 'Failure Reason': None}, 9: {'TimeTaken': 283.23836183547974, 'Result': False, 'Failure Reason': None}, 10: {'TimeTaken': 147.3811309337616, 'Result': True, 'Failure Reason': None}, 11: {'TimeTaken': 335.22346019744873, 'Result': True, 'Failure Reason': None}, 12: {'TimeTaken': 179.48537707328796, 'Result': False, 'Failure Reason': None}, 13: {'TimeTaken': 58.42386245727539, 'Result': True, 'Failure Reason': None}, 14: {'TimeTaken': 232.95386028289795, 'Result': False, 'Failure Reason': None}, 15: {'TimeTaken': 465.50347566604614, 'Result': False, 'Failure Reason': None}, 16: {'TimeTaken': 298.9398262500763, 'Result': False, 'Failure Reason': None}, 17: {'TimeTaken': 31.55400514602661, 'Result': True, 'Failure Reason': None}, 18: {'TimeTaken': 72.06622338294983, 'Result': True, 'Failure Reason': None}, 19: {'TimeTaken': 87.16420984268188, 'Result': True, 'Failure Reason': None}} 

------------------------------------------------------------------ 
(2025-03-14) : Model - llama3.3, Technique - stepByStep, Test Name - port_mismatch 

Result: {0: {'TimeTaken': 91.07179427146912, 'Result': True, 'Failure Reason': None}, 1: {'TimeTaken': 106.61676120758057, 'Result': True, 'Failure Reason': None}, 2: {'TimeTaken': 95.71744585037231, 'Result': True, 'Failure Reason': None}, 3: {'TimeTaken': 79.43609476089478, 'Result': True, 'Failure Reason': None}, 4: {'TimeTaken': 69.95331072807312, 'Result': True, 'Failure Reason': None}, 5: {'TimeTaken': 108.5801591873169, 'Result': True, 'Failure Reason': None}, 6: {'TimeTaken': 491.531033039093, 'Result': True, 'Failure Reason': None}, 7: {'TimeTaken': 84.01616549491882, 'Result': True, 'Failure Reason': None}, 8: {'TimeTaken': 178.71114921569824, 'Result': True, 'Failure Reason': None}, 9: {'TimeTaken': 122.22894954681396, 'Result': True, 'Failure Reason': None}, 10: {'TimeTaken': 125.75622916221619, 'Result': True, 'Failure Reason': None}, 11: {'TimeTaken': 173.6009919643402, 'Result': True, 'Failure Reason': None}, 12: {'TimeTaken': 490.80887746810913, 'Result': True, 'Failure Reason': None}, 13: {'TimeTaken': 12.48080825805664, 'Result': True, 'Failure Reason': None}, 14: {'TimeTaken': 164.9646496772766, 'Result': True, 'Failure Reason': None}, 15: {'TimeTaken': 11.650884628295898, 'Result': True, 'Failure Reason': None}, 16: {'TimeTaken': 86.9371018409729, 'Result': True, 'Failure Reason': None}, 17: {'TimeTaken': 11.989977598190308, 'Result': True, 'Failure Reason': None}, 18: {'TimeTaken': 91.55706143379211, 'Result': True, 'Failure Reason': None}, 19: {'TimeTaken': 13.501752853393555, 'Result': True, 'Failure Reason': None}} 

------------------------------------------------------------------ 
(2025-03-15) : Model - llama3.3, Technique - stepByStep, Test Name - readiness_failure 

Result: {0: {'TimeTaken': 6.068995714187622, 'Result': False, 'Failure Reason': None}, 1: {'TimeTaken': 53.54938888549805, 'Result': False, 'Failure Reason': None}, 2: {'TimeTaken': 104.23316860198975, 'Result': False, 'Failure Reason': None}, 3: {'TimeTaken': 87.02085757255554, 'Result': True, 'Failure Reason': None}, 4: {'TimeTaken': 23.62284541130066, 'Result': False, 'Failure Reason': None}, 5: {'TimeTaken': 5.294635772705078, 'Result': False, 'Failure Reason': None}, 6: {'TimeTaken': 63.103437662124634, 'Result': False, 'Failure Reason': None}, 7: {'TimeTaken': 383.4686996936798, 'Result': False, 'Failure Reason': None}, 8: {'TimeTaken': 226.59189176559448, 'Result': True, 'Failure Reason': None}, 9: {'TimeTaken': 73.46716499328613, 'Result': True, 'Failure Reason': None}, 10: {'TimeTaken': 487.93627524375916, 'Result': False, 'Failure Reason': None}, 11: {'TimeTaken': 93.02391386032104, 'Result': False, 'Failure Reason': None}, 12: {'TimeTaken': 303.42246770858765, 'Result': False, 'Failure Reason': None}, 13: {'TimeTaken': 94.29957222938538, 'Result': False, 'Failure Reason': None}, 14: {'TimeTaken': 194.73876881599426, 'Result': False, 'Failure Reason': None}, 15: {'TimeTaken': 98.64861154556274, 'Result': False, 'Failure Reason': None}, 16: {'TimeTaken': 168.6025767326355, 'Result': True, 'Failure Reason': None}, 17: {'TimeTaken': 269.6267600059509, 'Result': True, 'Failure Reason': None}, 18: {'TimeTaken': 54.71088099479675, 'Result': False, 'Failure Reason': None}, 19: {'TimeTaken': 32.978525161743164, 'Result': False, 'Failure Reason': None}} 

------------------------------------------------------------------ 
(2025-03-15) : Model - llama3.3, Technique - stepByStep, Test Name - wrong_interface 

Result: {0: {'TimeTaken': 18.443172454833984, 'Result': None, 'Failure Reason': None}, 1: {'TimeTaken': 77.8297290802002, 'Result': True, 'Failure Reason': None}, 2: {'TimeTaken': 176.461119890213, 'Result': None, 'Failure Reason': None}, 3: {'TimeTaken': 449.01187562942505, 'Result': True, 'Failure Reason': None}, 4: {'TimeTaken': 80.41795897483826, 'Result': True, 'Failure Reason': None}, 5: {'TimeTaken': 331.59965658187866, 'Result': True, 'Failure Reason': None}, 6: {'TimeTaken': 305.8504967689514, 'Result': True, 'Failure Reason': None}, 7: {'TimeTaken': 69.9835946559906, 'Result': True, 'Failure Reason': None}, 8: {'TimeTaken': 13.185327768325806, 'Result': None, 'Failure Reason': None}, 9: {'TimeTaken': 271.3993434906006, 'Result': None, 'Failure Reason': None}, 10: {'TimeTaken': 494.7133014202118, 'Result': True, 'Failure Reason': None}, 11: {'TimeTaken': 112.48805594444275, 'Result': True, 'Failure Reason': None}, 12: {'TimeTaken': 13.786625385284424, 'Result': None, 'Failure Reason': None}, 13: {'TimeTaken': 333.4879243373871, 'Result': True, 'Failure Reason': None}, 14: {'TimeTaken': 144.34423542022705, 'Result': None, 'Failure Reason': None}, 15: {'TimeTaken': 12.014872789382935, 'Result': None, 'Failure Reason': None}, 16: {'TimeTaken': 225.88097429275513, 'Result': None, 'Failure Reason': None}, 17: {'TimeTaken': 95.19558000564575, 'Result': None, 'Failure Reason': None}, 18: {'TimeTaken': 247.68465089797974, 'Result': True, 'Failure Reason': None}, 19: {'TimeTaken': 200.2080533504486, 'Result': True, 'Failure Reason': None}} 

------------------------------------------------------------------ 
(2025-03-15) : Model - llama3.3, Technique - stepByStep, Test Name - wrong_port 

Result: {0: {'TimeTaken': 17.76547908782959, 'Result': True, 'Failure Reason': None}, 1: {'TimeTaken': 88.54460287094116, 'Result': True, 'Failure Reason': None}, 2: {'TimeTaken': 15.378637552261353, 'Result': True, 'Failure Reason': None}, 3: {'TimeTaken': 15.476441144943237, 'Result': True, 'Failure Reason': None}, 4: {'TimeTaken': 17.235865116119385, 'Result': True, 'Failure Reason': None}, 5: {'TimeTaken': 328.1751799583435, 'Result': True, 'Failure Reason': None}, 6: {'TimeTaken': 295.2237687110901, 'Result': True, 'Failure Reason': None}, 7: {'TimeTaken': 89.4357979297638, 'Result': True, 'Failure Reason': None}, 8: {'TimeTaken': 135.65554690361023, 'Result': True, 'Failure Reason': None}, 9: {'TimeTaken': 246.78459644317627, 'Result': True, 'Failure Reason': None}, 10: {'TimeTaken': 237.70921635627747, 'Result': True, 'Failure Reason': None}, 11: {'TimeTaken': 131.81086945533752, 'Result': True, 'Failure Reason': None}, 12: {'TimeTaken': 249.83180928230286, 'Result': True, 'Failure Reason': None}, 13: {'TimeTaken': 160.73532605171204, 'Result': True, 'Failure Reason': None}, 14: {'TimeTaken': 287.37203454971313, 'Result': True, 'Failure Reason': None}, 15: {'TimeTaken': 603.8712873458862, 'Result': True, 'Failure Reason': None}, 16: {'TimeTaken': 286.16592359542847, 'Result': True, 'Failure Reason': None}, 17: {'TimeTaken': 16.56781244277954, 'Result': True, 'Failure Reason': None}, 18: {'TimeTaken': 45.75339436531067, 'Result': True, 'Failure Reason': None}, 19: {'TimeTaken': 120.6478943824768, 'Result': True, 'Failure Reason': None}} 

------------------------------------------------------------------ 
(2025-03-15) : Model - llama3.3, Technique - singleAgent, Test Name - incorrect_selector 

Result: {0: {'TimeTaken': 47.036436319351196, 'Result': True, 'Failure Reason': None}, 1: {'TimeTaken': 40.4196674823761, 'Result': True, 'Failure Reason': None}, 2: {'TimeTaken': 46.17800831794739, 'Result': True, 'Failure Reason': None}, 3: {'TimeTaken': 37.23503756523132, 'Result': True, 'Failure Reason': None}, 4: {'TimeTaken': 98.42015361785889, 'Result': False, 'Failure Reason': None}, 5: {'TimeTaken': 32.23915910720825, 'Result': True, 'Failure Reason': None}, 6: {'TimeTaken': 29.904512643814087, 'Result': True, 'Failure Reason': None}, 7: {'TimeTaken': 121.92665910720825, 'Result': False, 'Failure Reason': None}, 8: {'TimeTaken': 106.18036723136902, 'Result': True, 'Failure Reason': None}, 9: {'TimeTaken': 55.20996618270874, 'Result': True, 'Failure Reason': None}, 10: {'TimeTaken': 30.98568344116211, 'Result': True, 'Failure Reason': None}, 11: {'TimeTaken': 39.22615194320679, 'Result': True, 'Failure Reason': None}, 12: {'TimeTaken': 24.025052309036255, 'Result': True, 'Failure Reason': None}, 13: {'TimeTaken': 21.191016674041748, 'Result': True, 'Failure Reason': None}, 14: {'TimeTaken': 35.62191557884216, 'Result': True, 'Failure Reason': None}, 15: {'TimeTaken': 37.92640948295593, 'Result': True, 'Failure Reason': None}, 16: {'TimeTaken': 38.148093461990356, 'Result': True, 'Failure Reason': None}, 17: {'TimeTaken': 73.24170541763306, 'Result': True, 'Failure Reason': None}, 18: {'TimeTaken': 46.97043824195862, 'Result': True, 'Failure Reason': None}, 19: {'TimeTaken': 22.30402159690857, 'Result': True, 'Failure Reason': None}} 

------------------------------------------------------------------ 
(2025-03-15) : Model - llama3.3, Technique - singleAgent, Test Name - port_mismatch 

Result: {0: {'TimeTaken': 57.256354570388794, 'Result': True, 'Failure Reason': None}, 1: {'TimeTaken': 66.29569840431213, 'Result': True, 'Failure Reason': None}, 2: {'TimeTaken': 129.21839833259583, 'Result': True, 'Failure Reason': None}, 3: {'TimeTaken': 67.61731219291687, 'Result': True, 'Failure Reason': None}, 4: {'TimeTaken': 157.9981551170349, 'Result': True, 'Failure Reason': None}, 5: {'TimeTaken': 106.25073504447937, 'Result': True, 'Failure Reason': None}, 6: {'TimeTaken': 80.76465272903442, 'Result': True, 'Failure Reason': None}, 7: {'TimeTaken': 104.26742386817932, 'Result': True, 'Failure Reason': None}, 8: {'TimeTaken': 125.7374849319458, 'Result': True, 'Failure Reason': None}, 9: {'TimeTaken': 125.87761974334717, 'Result': True, 'Failure Reason': None}, 10: {'TimeTaken': 148.82149291038513, 'Result': True, 'Failure Reason': " The command 'kubectl logs <pod_name>' returned non-zero exit status 2. This could be due to the pod not being in a running state or the container not producing any logs. <|/REASON|>Since the pod is running according to the output of `kubectl get pods`, let's try to describe the pod:```bashkubectl describe pod <pod_name>```This will give us more information about the pod and its containers.If we still cannot solve the issue, I will have to conclude that I cannot solve the issue and end with <|FAILED|>. <|REASON|> The command 'kubectl logs <pod_name>' returned non-zero exit status 2. This could be due to the pod not being in a running state or the container not producing any logs. Additionally, describing the pod did not provide enough information to solve the issue. "}, 11: {'TimeTaken': 142.55984449386597, 'Result': True, 'Failure Reason': None}, 12: {'TimeTaken': 87.80825877189636, 'Result': True, 'Failure Reason': None}, 13: {'TimeTaken': 57.962624311447144, 'Result': True, 'Failure Reason': None}, 14: {'TimeTaken': 95.46871447563171, 'Result': True, 'Failure Reason': None}, 15: {'TimeTaken': 112.78198838233948, 'Result': True, 'Failure Reason': None}, 16: {'TimeTaken': 124.23890280723572, 'Result': True, 'Failure Reason': None}, 17: {'TimeTaken': 90.61988663673401, 'Result': True, 'Failure Reason': None}, 18: {'TimeTaken': 64.89101839065552, 'Result': True, 'Failure Reason': None}, 19: {'TimeTaken': 77.86760115623474, 'Result': True, 'Failure Reason': None}} 

------------------------------------------------------------------ 
(2025-03-15) : Model - llama3.3, Technique - singleAgent, Test Name - readiness_failure 

Result: {0: {'TimeTaken': 53.93657183647156, 'Result': False, 'Failure Reason': "The reason for this failure is that there was an issue with reapplying the configuration file using `kubectl apply`, which prevented the pod from being recreated in a 'RUNNING' state."}, 1: {'TimeTaken': 38.40054631233215, 'Result': False, 'Failure Reason': None}, 2: {'TimeTaken': 44.973931312561035, 'Result': False, 'Failure Reason': None}, 3: {'TimeTaken': 55.32803964614868, 'Result': False, 'Failure Reason': None}, 4: {'TimeTaken': 80.76128244400024, 'Result': False, 'Failure Reason': None}, 5: {'TimeTaken': 71.69062280654907, 'Result': False, 'Failure Reason': None}, 6: {'TimeTaken': 87.24036455154419, 'Result': False, 'Failure Reason': None}, 7: {'TimeTaken': 37.15717673301697, 'Result': False, 'Failure Reason': None}, 8: {'TimeTaken': 28.1073477268219, 'Result': False, 'Failure Reason': None}, 9: {'TimeTaken': 62.56228804588318, 'Result': False, 'Failure Reason': None}, 10: {'TimeTaken': 35.72651219367981, 'Result': False, 'Failure Reason': None}, 11: {'TimeTaken': 24.63379740715027, 'Result': False, 'Failure Reason': None}, 12: {'TimeTaken': 49.370513916015625, 'Result': False, 'Failure Reason': None}, 13: {'TimeTaken': 54.329201221466064, 'Result': False, 'Failure Reason': None}, 14: {'TimeTaken': 137.31926012039185, 'Result': False, 'Failure Reason': None}, 15: {'TimeTaken': 43.543041944503784, 'Result': False, 'Failure Reason': None}, 16: {'TimeTaken': 33.71536731719971, 'Result': False, 'Failure Reason': None}, 17: {'TimeTaken': 62.36132550239563, 'Result': False, 'Failure Reason': None}, 18: {'TimeTaken': 61.459676027297974, 'Result': False, 'Failure Reason': None}, 19: {'TimeTaken': 22.683295488357544, 'Result': False, 'Failure Reason': None}} 

------------------------------------------------------------------ 
(2025-03-15) : Model - llama3.3, Technique - singleAgent, Test Name - wrong_interface 

Result: {0: {'TimeTaken': 53.827770709991455, 'Result': None, 'Failure Reason': None}, 1: {'TimeTaken': 38.868234634399414, 'Result': None, 'Failure Reason': None}, 2: {'TimeTaken': 58.95909667015076, 'Result': None, 'Failure Reason': None}, 3: {'TimeTaken': 72.25397896766663, 'Result': None, 'Failure Reason': None}, 4: {'TimeTaken': 82.80054259300232, 'Result': None, 'Failure Reason': None}, 5: {'TimeTaken': 94.74602460861206, 'Result': None, 'Failure Reason': None}, 6: {'TimeTaken': 59.60604381561279, 'Result': None, 'Failure Reason': None}, 7: {'TimeTaken': 43.05570030212402, 'Result': None, 'Failure Reason': None}, 8: {'TimeTaken': 63.906522274017334, 'Result': None, 'Failure Reason': None}, 9: {'TimeTaken': 48.8588182926178, 'Result': None, 'Failure Reason': None}, 10: {'TimeTaken': 42.13339805603027, 'Result': None, 'Failure Reason': None}, 11: {'TimeTaken': 43.10396862030029, 'Result': None, 'Failure Reason': None}, 12: {'TimeTaken': 83.03744149208069, 'Result': None, 'Failure Reason': None}, 13: {'TimeTaken': 93.31598567962646, 'Result': None, 'Failure Reason': None}, 14: {'TimeTaken': 35.407455921173096, 'Result': None, 'Failure Reason': None}, 15: {'TimeTaken': 46.10340976715088, 'Result': None, 'Failure Reason': None}, 16: {'TimeTaken': 103.04893112182617, 'Result': None, 'Failure Reason': None}, 17: {'TimeTaken': 57.427650451660156, 'Result': None, 'Failure Reason': None}, 18: {'TimeTaken': 54.61520552635193, 'Result': None, 'Failure Reason': None}, 19: {'TimeTaken': 90.0043671131134, 'Result': None, 'Failure Reason': None}} 

------------------------------------------------------------------ 
(2025-03-15) : Model - llama3.3, Technique - singleAgent, Test Name - wrong_port 

Result: {0: {'TimeTaken': 60.80367970466614, 'Result': True, 'Failure Reason': None}, 1: {'TimeTaken': 97.97177934646606, 'Result': True, 'Failure Reason': None}, 2: {'TimeTaken': 109.94629335403442, 'Result': True, 'Failure Reason': None}, 3: {'TimeTaken': 50.28695869445801, 'Result': True, 'Failure Reason': None}, 4: {'TimeTaken': 32.0140860080719, 'Result': True, 'Failure Reason': None}, 5: {'TimeTaken': 46.666502714157104, 'Result': True, 'Failure Reason': None}, 6: {'TimeTaken': 27.719676971435547, 'Result': True, 'Failure Reason': None}, 7: {'TimeTaken': 53.07591223716736, 'Result': True, 'Failure Reason': None}, 8: {'TimeTaken': 27.871417760849, 'Result': True, 'Failure Reason': None}, 9: {'TimeTaken': 42.47913980484009, 'Result': True, 'Failure Reason': None}, 10: {'TimeTaken': 131.58084535598755, 'Result': True, 'Failure Reason': None}, 11: {'TimeTaken': 93.37400770187378, 'Result': True, 'Failure Reason': None}, 12: {'TimeTaken': 59.065128326416016, 'Result': True, 'Failure Reason': None}, 13: {'TimeTaken': 93.05575942993164, 'Result': True, 'Failure Reason': None}, 14: {'TimeTaken': 83.68967938423157, 'Result': True, 'Failure Reason': None}, 15: {'TimeTaken': 63.88917326927185, 'Result': True, 'Failure Reason': None}, 16: {'TimeTaken': 83.0004460811615, 'Result': True, 'Failure Reason': None}, 17: {'TimeTaken': 39.82089376449585, 'Result': True, 'Failure Reason': None}, 18: {'TimeTaken': 84.19183325767517, 'Result': True, 'Failure Reason': None}, 19: {'TimeTaken': 41.467265129089355, 'Result': True, 'Failure Reason': None}} 

------------------------------------------------------------------ 
(2025-03-15) : Model - gemini-1.5-flash, Technique - allStepsAtOnce, Test Name - incorrect_selector 

Result: {0: {'TimeTaken': 15.220024585723877, 'Result': True, 'Failure Reason': 'The provided instructions only address the service and pod mismatch, not the overall pod status.  To determine if all pods are running, I need to know the namespace and potentially run additional kubectl commands to get the pod status.'}, 1: {'TimeTaken': 16.81467032432556, 'Result': True, 'Failure Reason': None}, 2: {'TimeTaken': 14.52113962173462, 'Result': False, 'Failure Reason': "The provided code attempts to modify a file and then apply Kubernetes configurations.  However, there's no mechanism to check if the pods are running after these actions. The final commands are likely to return information about the service, but don't inherently check pod status. To determine success, a kubectl get pods command to check the pod status is needed. <|/REASON|>Running: - run_shell_command(args=...) - run_shell_command(args=...) - run_shell_command(args=kubectl get endpoints app-service) - run_shell_command(args=kubectl describe service app-service)I cannot solve the issue.<|FAILED|><|REASON|>The `sed` command failed, indicating a problem with the file path or the `sed` command itself.  Even if the `sed` command had succeeded, the subsequent `kubectl get endpoints app-service` command shows `<none>` for endpoints, confirming the service is not working.  The root cause is not resolved, and without knowing why the sed command failed, further actions are not possible.  More information on the file system and permissions is needed for effective debugging. "}, 3: {'TimeTaken': 11.8729407787323, 'Result': True, 'Failure Reason': None}, 4: {'TimeTaken': 13.309247493743896, 'Result': False, 'Failure Reason': 'The sed command failed with a non-zero exit status, likely due to a problem with the file path or the sed command itself. '}, 5: {'TimeTaken': 15.16319489479065, 'Result': True, 'Failure Reason': None}, 6: {'TimeTaken': 493.1519024372101, 'Result': True, 'Failure Reason': 'The command `kubectl run -it --rm --restart=Never busybox --image=busybox -- sh` timed out.  This suggests a problem with network connectivity or accessibility of the service, despite the service showing endpoints.'}, 7: {'TimeTaken': 13.56252670288086, 'Result': False, 'Failure Reason': 'The sed command failed to execute correctly, returning a non-zero exit status 1.  This indicates an error in the execution of the sed command itself, possibly due to issues with file permissions, the path to the file, or the sed command itself. '}, 8: {'TimeTaken': 14.06437349319458, 'Result': False, 'Failure Reason': "The provided instructions were followed, but there is no information on whether the pods are running or not.  There is also no information on how to check if the issue is solved.<|/REASON|>Running: - run_shell_command(args=...) - run_shell_command(args=...) - run_shell_command(args=kubectl get endpoints app-service) - run_shell_command(args=kubectl get pods)The `sed` command failed, indicating that the `app_service.yaml` file might not exist at the specified path or may not have the expected content.  The `kubectl apply` command shows that the service was unchanged, confirming the selector was not updated. The `kubectl get endpoints` command shows no endpoints for the service `app-service`.  However, the `kubectl get pods` command shows that the pod `kube-incorrect-selector` is running. This indicates a problem with the initial `sed` command.  Because the `sed` command failed, I cannot solve the user's issue. <|FAILED|><|REASON|>The `sed` command failed with a non-zero exit code.  The reason for the failure is not clear from the output, but it suggests that either the file path is incorrect or the file does not contain the string to be replaced. "}, 9: {'TimeTaken': 12.545825004577637, 'Result': True, 'Failure Reason': None}, 10: {'TimeTaken': 14.680066108703613, 'Result': True, 'Failure Reason': None}, 11: {'TimeTaken': 13.94018292427063, 'Result': False, 'Failure Reason': "The first command `sed -i 's/app: kube-incorrect-selector-application/app: kube-incorrect-selector/' /home/mario/KubeLLM_latest/KubeLLM-main/debug_assistant_latest/troubleshooting/incorrect_selector/app_service.yaml` failed with a non-zero exit status.  This indicates that the `sed` command encountered an error while trying to modify the file. This could be due to several reasons, such as incorrect file path, permissions issues, or the pattern not being found in the file. The subsequent commands were executed, but the problem was not solved because the initial change to the service configuration was not successfully applied. "}, 12: {'TimeTaken': 14.818128108978271, 'Result': True, 'Failure Reason': 'I need to check the status of the pods to determine if the issue is solved. The provided instructions only describe how to modify the service configuration and do not include instructions on how to check the status of the pods.  Therefore, I cannot assess if the goal has been met.'}, 13: {'TimeTaken': 13.20316743850708, 'Result': False, 'Failure Reason': 'The `sed` command failed with a non-zero exit status, indicating an error in the execution.  The `kubectl apply` command showed that the service was unchanged, and the `kubectl get endpoints` command showed that there were no endpoints for the service. This suggests that the problem is more complex than just updating the selector and may involve other configuration issues or missing pods.'}, 14: {'TimeTaken': 12.441717863082886, 'Result': True, 'Failure Reason': 'The provided instructions reference a file named `app_service.yaml`, but the only file mentioned in the context is `incorrect_selector.yaml`.  Therefore, I could not perform the `sed` command and subsequent `kubectl apply` command because the specified file was not found.'}, 15: {'TimeTaken': 14.748316287994385, 'Result': True, 'Failure Reason': None}, 16: {'TimeTaken': 20.062841415405273, 'Result': False, 'Failure Reason': 'I cannot determine if the issue is solved because there is no information on the pod status provided in the response of the `kubectl describe service app-service` command.  Further steps are needed to get the pod status.<|/REASON|>Running: - run_shell_command(args=...) - run_shell_command(args=...) - run_shell_command(args=kubectl describe service app-service)The `sed` command failed, indicating that the file `/home/mario/KubeLLM_latest/KubeLLM-main/debug_assistant_latest/troubleshooting/incorrect_selector/app_service.yaml`  may not exist or is not accessible.  The `kubectl apply` command showed that the service was unchanged, and the `kubectl describe` command confirms that there are still no endpoints.  Therefore, I cannot solve the issue. <|FAILED|><|REASON|>The initial `sed` command failed, preventing the successful update and application of the service configuration.  This was likely due to a file path error or permissions issue.'}, 17: {'TimeTaken': 13.188232421875, 'Result': False, 'Failure Reason': 'The sed command failed with a non-zero exit status, indicating an error during the execution.  This likely means that the `app_service.yaml` file was not found at the specified path, or that the `sed` command itself encountered an error (e.g., incorrect syntax or permissions issue). The subsequent commands were executed, but because the service was not successfully updated, the endpoints remained unchanged. '}, 18: {'TimeTaken': 14.544862508773804, 'Result': True, 'Failure Reason': 'The provided instructions assume the existence of a file named `app_service.yaml`, but the given path points to `incorrect_selector.yaml`.  The commands failed because they tried to operate on a non-existent file.  Further investigation is needed to determine the correct file name or to adjust the commands to the existing files.'}, 19: {'TimeTaken': 15.212148427963257, 'Result': True, 'Failure Reason': "The provided instructions mention a file named `app_service.yaml`, but the available files are `incorrect_selector.yaml` which doesn't appear to be a service definition file.  The commands referencing `app_service.yaml` will fail because the file does not exist. "}} 

------------------------------------------------------------------ 
(2025-03-15) : Model - gemini-1.5-flash, Technique - allStepsAtOnce, Test Name - port_mismatch 

Result: {0: {'TimeTaken': 17.14955997467041, 'Result': True, 'Failure Reason': "The kubectl apply command failed, and subsequent commands to describe and get logs from the pod also failed, indicating a more fundamental problem with the pod's configuration or the application running inside it."}, 1: {'TimeTaken': 57.68877029418945, 'Result': True, 'Failure Reason': None}, 2: {'TimeTaken': 15.748715162277222, 'Result': True, 'Failure Reason': 'The initial diagnosis of a port mismatch was incorrect, leading to unnecessary commands being executed. The actual pod already had the correct port, so no changes were needed.'}, 3: {'TimeTaken': 14.179632186889648, 'Result': True, 'Failure Reason': None}, 4: {'TimeTaken': 14.128899097442627, 'Result': True, 'Failure Reason': None}, 5: {'TimeTaken': 144.97313737869263, 'Result': True, 'Failure Reason': 'The kubectl apply command failed, and the curl command failed to reach the application, indicating the problem was not resolved. '}, 6: {'TimeTaken': 14.469953536987305, 'Result': True, 'Failure Reason': 'The command `kubectl logs kube-port-mismatch` failed because there is no pod with that name.  I need the actual pod name to check the logs. <|/REASON|>Running: - run_shell_command(args=...) - run_shell_command(args=...) - run_shell_command(args=kubectl get pods -o wide) - run_shell_command(args=kubectl get services) - run_shell_command(args=kubectl logs kube-port-mismatch)Based on the output of `kubectl get pods -o wide`, there is one pod named `kube-port-mismatch` and it is running. However, the `kubectl apply` command failed, which might indicate a problem with the YAML file or other cluster configurations.  Further investigation is needed to determine the root cause of the "kubectl apply" failure before concluding if the issue is solved. <|FAILED|><|REASON|>The `kubectl apply` command failed with a non-zero exit status.  This means there was a problem applying the updated YAML file. The reason for this failure needs to be investigated. '}, 7: {'TimeTaken': 15.997296810150146, 'Result': True, 'Failure Reason': 'The primary reason for failure is the initial `sed` command failing to modify the YAML file. This could be due to incorrect file paths, permissions issues, or the `containerPort` value not being present in the expected format within the YAML file. The subsequent `kubectl` commands failed because the YAML file was not updated successfully. '}, 8: {'TimeTaken': 14.579723358154297, 'Result': True, 'Failure Reason': None}, 9: {'TimeTaken': 54.13647127151489, 'Result': True, 'Failure Reason': 'The application container inside the pod failed to start or crashed immediately, preventing access to its logs.  This is beyond the scope of Kubernetes configuration and requires debugging the application code itself.'}, 10: {'TimeTaken': 15.309578895568848, 'Result': True, 'Failure Reason': "The kubectl apply command for the deployment file failed with a non-zero exit status.  This indicates there's a problem with the deployment YAML file itself, possibly syntax errors or inconsistencies with the Kubernetes cluster configuration.  The subsequent commands were not executed because of this critical failure."}, 11: {'TimeTaken': 14.129523277282715, 'Result': True, 'Failure Reason': None}, 12: {'TimeTaken': 14.620025634765625, 'Result': True, 'Failure Reason': 'I do not have the capability to access local files, therefore I cannot perform the sed command.  Additionally, I cannot determine the status of the pods without more information.'}, 13: {'TimeTaken': 15.505934953689575, 'Result': True, 'Failure Reason': None}, 14: {'TimeTaken': 16.072686195373535, 'Result': True, 'Failure Reason': 'The sed command failed to execute successfully, which is likely due to an issue with file permissions or the file path being incorrect. This prevented the necessary changes from being made to the yaml file, hence the kubectl apply commands did not make any changes.'}, 15: {'TimeTaken': 20.486201524734497, 'Result': True, 'Failure Reason': '`kubectl apply -f /home/mario/KubeLLM_latest/KubeLLM-main/debug_assistant_latest/troubleshooting/port_mismatch/port_mismatch.yaml` failed.  The command returned a non-zero exit status 1, indicating an error during the application process.  The reason for the failure is not clear from the provided output, and further investigation is needed to pinpoint the specific problem.'}, 16: {'TimeTaken': 17.743547916412354, 'Result': True, 'Failure Reason': "I was unable to determine whether all pods are running because the output of `kubectl get pods` was not provided.  The code executed successfully, but without the pod status information, I cannot determine if the issue is resolved.  To solve this, please provide the output of the `kubectl get pods` command.<|/REASON|>Running: - run_shell_command(args=...) - run_shell_command(args=...) - run_shell_command(args=...) - run_shell_command(args=kubectl get pods) - run_shell_command(args=kubectl get services) - run_shell_command(args=...)The `kubectl apply` command for the deployment file failed with a non-zero exit status. This indicates there's likely a problem with the `port_mismatch.yaml` file itself.  The service was applied successfully, and one pod is running. However, without examining the error from the failed `kubectl apply`, and the contents of  `port_mismatch.yaml`, I cannot definitively determine the cause of the failure, nor whether all pods are running. <|FAILED|><|REASON|>The `kubectl apply` command for the deployment failed.  More information is needed to diagnose the root cause.  Specifically, the error message from the failed `kubectl apply` command and the contents of the `port_mismatch.yaml` file are required for proper debugging."}, 17: {'TimeTaken': 17.18830966949463, 'Result': True, 'Failure Reason': 'The `kubectl apply` command failed with a non-zero exit status.  This indicates there was likely an issue with the modified YAML file, even after the `sed` command was successfully executed. The output of `kubectl get pods` shows the pod is running, but further investigation is needed to pinpoint the exact error within the deployment file and why the `kubectl apply` command is failing. '}, 18: {'TimeTaken': 13.97676134109497, 'Result': True, 'Failure Reason': None}, 19: {'TimeTaken': 15.354905128479004, 'Result': True, 'Failure Reason': "The provided solution steps were followed, but it's impossible to determine if all pods are running without the output of `kubectl get pods`.  The success of the operation depends on the state of the Kubernetes cluster and the specifics of the application.  The `kubectl logs` command also requires the correct pod name, which was not provided in this context.<|/REASON|>Running: - run_shell_command(args=...) - run_shell_command(args=...) - run_shell_command(args=...) - run_shell_command(args=kubectl get pods) - run_shell_command(args=kubectl get services) - run_shell_command(args=kubectl get pods) - run_shell_command(args=kubectl logs kube-port-mismatch-xxxxxxxxx)I was unable to modify the `port_mismatch.yaml` file using `sed`. The command returned a non-zero exit status, indicating an error.  The subsequent `kubectl apply` commands reported that the resources were unchanged.  While `kubectl get pods` shows a pod named `kube-port-mismatch` as running, the `kubectl logs` command failed, possibly because the pod name was incorrect or there was an issue accessing the logs. Therefore, I cannot confirm that the issue is solved. <|FAILED|><|REASON|>The `sed` command failed, preventing the necessary port change in the YAML file.  This led to the `kubectl apply` commands having no effect. The failure of `kubectl logs` further indicates a problem, possibly related to the initial `sed` failure or other issues within the Kubernetes cluster."}} 

------------------------------------------------------------------ 

(2025-03-15) : Model - gemini-1.5-flash, Technique - allStepsAtOnce, Test Name - readiness_failure 

Result: {0: {'TimeTaken': 10.845541000366211, 'Result': False, 'Failure Reason': "`sed -i 's/path: \\/invalid-path/path: \\/healthz/' /home/mario/KubeLLM_latest/KubeLLM-main/debug_assistant_latest/troubleshooting/readiness_failure/readiness_failure.yaml` returned a non-zero exit status 1.  This indicates that the sed command failed to modify the file. This could be due to permission issues, the file not existing, or the sed command itself being incorrectly formatted. The file may not contain the string `/invalid-path`, so replacing it will fail.  "}, 1: {'TimeTaken': 9.749881267547607, 'Result': False, 'Failure Reason': 'The sed command to modify the yaml file likely failed to correctly modify the file, resulting in an invalid yaml file that kubectl refused to apply.  This could be due to a syntax error in the sed command itself, or because the sed command was unable to find the target pattern to add the readiness probe. '}, 2: {'TimeTaken': 14.55105972290039, 'Result': False, 'Failure Reason': None}, 3: {'TimeTaken': 13.429891586303711, 'Result': False, 'Failure Reason': None}, 4: {'TimeTaken': 8.419621706008911, 'Result': False, 'Failure Reason': None}, 5: {'TimeTaken': 10.872999906539917, 'Result': True, 'Failure Reason': 'The kubectl apply command failed because the readiness probe in the yaml file was still pointing to an invalid path.  The corrected path was not accessible by the pod, causing the liveness probe to fail.'}, 6: {'TimeTaken': 10.45630145072937, 'Result': False, 'Failure Reason': 'The sed command failed because the file `/home/mario/KubeLLM_latest/KubeLLM-main/debug_assistant_latest/troubleshooting/readiness_failure/readiness_failure.yaml` likely does not exist or is not accessible by the current user.  This could be due to incorrect file path, permissions issues, or the file simply not being present.'}, 7: {'TimeTaken': 13.415778636932373, 'Result': False, 'Failure Reason': None}, 8: {'TimeTaken': 9.71505856513977, 'Result': False, 'Failure Reason': None}, 9: {'TimeTaken': 9.500645637512207, 'Result': True, 'Failure Reason': None}, 10: {'TimeTaken': 17.153030395507812, 'Result': False, 'Failure Reason': "The command 'kubectl apply -f /home/mario/KubeLLM_latest/KubeLLM-main/debug_assistant_latest/troubleshooting/readiness_failure/readiness_failure.yaml' returned an error. This indicates that there was a problem applying the updated YAML configuration to the Kubernetes cluster.  The root cause could be several factors, including issues with the YAML file itself (syntax errors, incorrect resource definitions),  problems connecting to the Kubernetes cluster, or insufficient permissions. "}, 11: {'TimeTaken': 11.943038940429688, 'Result': False, 'Failure Reason': 'I do not have access to the file system to modify the yaml file.  The sed command failed because of this.'}, 12: {'TimeTaken': 11.15531849861145, 'Result': True, 'Failure Reason': 'The `kubectl apply` command failed because the readiness probe was not correctly configured. The readiness probe path was incorrect, and therefore the command failed. '}, 13: {'TimeTaken': 11.716780662536621, 'Result': False, 'Failure Reason': "The provided solution assumes the existence of a pod named 'readiness-http' and a file '/home/mario/KubeLLM_latest/KubeLLM-main/debug_assistant_latest/troubleshooting/readiness_failure/readiness_failure.yaml'.  Without knowing the contents of that YAML file or confirming the existence of the pod,  I cannot guarantee the success of the `sed` and `kubectl` commands.  The commands may fail due to file not found errors or the pod not existing.<|/REASON|>Running: - run_shell_command(args=...) - run_shell_command(args=...) - run_shell_command(args=kubectl describe pod readiness-http)The pod readiness-http is still not ready. The liveness probe is failing with a 404 error, indicating that the path `/invalid-path` does not exist.  The `sed` command likely did not modify the file correctly, or the incorrect file was targeted.  I cannot resolve the issue. <|FAILED|><|REASON|>The provided solution relies on the correctness of the file path and the `sed` command's ability to modify the YAML file. If the path was incorrect or the `sed` command failed to modify the file, the `kubectl apply` command would not have the desired effect.  Furthermore, even after the change, the pod's liveness probe may still be failing due to other underlying issues within the application container itself.  The output shows that the liveness probe continues to fail even after applying the new config."}, 14: {'TimeTaken': 11.552324056625366, 'Result': False, 'Failure Reason': 'The pod is in ContainerCreating state, which means the container is still being created.  I need to wait for it to finish creating and then check its status.'}, 15: {'TimeTaken': 8.844881534576416, 'Result': True, 'Failure Reason': None}, 16: {'TimeTaken': 11.867804050445557, 'Result': True, 'Failure Reason': 'The reason for the error is likely due to a misconfiguration in the YAML file itself, even after the attempted `sed` command. The `kubectl apply` command failed because the changes made were not sufficient to fix the underlying problem in the configuration file.  The `kubectl describe` command initially shows that the readiness probe is failing with a 404 error. Simply changing `/invalid-path` to `/healthz` might not be sufficient if the application does not actually serve a health check at `/healthz`. '}, 17: {'TimeTaken': 14.084684133529663, 'Result': True, 'Failure Reason': 'The reason for the error is likely due to an issue with the `readiness_failure.yaml` file itself after the `sed` command was run. The `sed` command successfully modified the file, but the changes introduced might be invalid YAML or might cause conflicts within the Kubernetes deployment.  Further investigation into the content of `readiness_failure.yaml` after the modification is necessary to diagnose the specific problem. '}, 18: {'TimeTaken': 14.235784530639648, 'Result': True, 'Failure Reason': 'The yaml file likely contains invalid configurations that prevent the kubectl apply command from succeeding. '}, 19: {'TimeTaken': 14.920604705810547, 'Result': False, 'Failure Reason': 'The reason for the failure is that the kubectl apply command failed. This could be due to various reasons, such as incorrect YAML syntax in the configuration file, missing resources referenced in the file, or permission issues.  The error message "returned non-zero exit status 1" is not specific enough to pinpoint the exact cause. Further investigation is required to determine the root cause of the apply failure.'}} 

------------------------------------------------------------------ 
(2025-03-15) : Model - gemini-1.5-flash, Technique - allStepsAtOnce, Test Name - wrong_interface 

Result: {0: {'TimeTaken': 54.735495805740356, 'Result': True, 'Failure Reason': 'The kubectl logs command failed because the container was not yet running. '}, 1: {'TimeTaken': 49.63486671447754, 'Result': True, 'Failure Reason': 'The code ran successfully, but I need more information to determine if the pods are running.  The `kubectl get pods` command provides a list of pods, but I need to check the status of each pod to see if they are RUNNING. '}, 2: {'TimeTaken': 48.844162940979004, 'Result': True, 'Failure Reason': 'The kubectl get pods command did not return any information about the pods. This means that the pod was not successfully created or that there is an issue with the Kubernetes cluster.'}, 3: {'TimeTaken': 53.001485109329224, 'Result': True, 'Failure Reason': "The issue is that the pod is not running, even after rebuilding the docker image and reapplying the deployment. The logs show that the pod is stuck in the 'ContainerCreating' state.  The root cause might be problems with the docker image or the kubernetes configuration.  The command `kubectl describe pod kube-wrong-interface` was particularly helpful in identifying this."}, 4: {'TimeTaken': 48.884312868118286, 'Result': True, 'Failure Reason': 'The kubectl get pods command did not return any information about the pods, which is needed to determine whether the pods are running.  The initial sed and docker build commands completed without error, but without information about the pods, I cannot proceed. '}, 5: {'TimeTaken': 18.767593383789062, 'Result': None, 'Failure Reason': None}, 6: {'TimeTaken': 49.07840657234192, 'Result': True, 'Failure Reason': 'The last command `kubectl logs kube-wrong-interface` failed because the pod is still in ContainerCreating state.  The pod needs more time to start completely before its logs can be accessed. '}, 7: {'TimeTaken': 187.11679983139038, 'Result': True, 'Failure Reason': 'The curl command failed with exit status 28, which indicates a connection error.  This might be due to network configuration issues, firewall rules, or the application not being correctly configured to respond on port 8765.'}, 8: {'TimeTaken': 46.67955422401428, 'Result': True, 'Failure Reason': 'The kubectl get pods command did not return any information about the pods, so I cannot determine if the pod is running or not. '}, 9: {'TimeTaken': 50.754514932632446, 'Result': True, 'Failure Reason': None}, 10: {'TimeTaken': 50.16805362701416, 'Result': True, 'Failure Reason': 'The last kubectl get pods command shows that the pod is still in ContainerCreating state, meaning the container image failed to start.  This could be due to several reasons including issues with the docker image build, the deployment yaml, or problems with the application itself.  Further investigation is needed.  The provided commands were executed successfully but did not result in the desired outcome. '}, 11: {'TimeTaken': 22.891565799713135, 'Result': True, 'Failure Reason': None}, 12: {'TimeTaken': 56.722243785858154, 'Result': True, 'Failure Reason': None}, 13: {'TimeTaken': 50.79541850090027, 'Result': True, 'Failure Reason': None}, 14: {'TimeTaken': 50.951141119003296, 'Result': True, 'Failure Reason': "The command `kubectl get pod kube-wrong-interface -o wide` failed because the pod `kube-wrong-interface` was deleted in the previous step, and it hasn't been recreated yet.  The pod needs time to be recreated after the image update and deployment."}, 15: {'TimeTaken': 48.641546964645386, 'Result': True, 'Failure Reason': 'I was unable to determine whether the pod was running because the kubectl get pods command returned no output. '}, 16: {'TimeTaken': 57.32206106185913, 'Result': True, 'Failure Reason': "The provided instructions modify a server file and rebuild a docker image, but don't provide enough context to verify if the deployment was successful.  The final `kubectl get pods` command needs a namespace to work correctly.  There's also no guarantee the `kube-wrong-interface` pod exists in the default namespace.<|/REASON|>Running: - run_shell_command(args=...) - run_shell_command(args=cd /home/mario/KubeLLM_latest/KubeLLM-main/debug_assistant_latest/troubleshooting/wrong_interface) - run_shell_command(args=docker build -t marioutsa/kube-wrong-interface-app .) - run_shell_command(args=docker push marioutsa/kube-wrong-interface-app) - run_shell_command(args=kubectl delete pod kube-wrong-interface) - run_shell_command(args=kubectl get pods)If this still doesn't show the pods are running, we'll need more information, such as the contents of your `wrong_interface.yaml` file to understand the deployment configuration.  Specifically, we need the name of the namespace your deployment is running in. - Running: run_shell_command(args=kubectl get pods -n default)The `kubectl get pods -n default` command did not produce any output, indicating there are no pods running in the `default` namespace.  This means the deployment likely failed, or the namespace isn't the correct one.  To proceed, I need the following information:1. **The contents of `wrong_interface.yaml`:** This file defines the Kubernetes deployment.  It will tell me the correct namespace and other details about how the application is deployed.2. **The output of `kubectl get namespaces`:** This will list all available namespaces in your cluster and help identify the correct one for this deployment.Once I have this information, I can more effectively diagnose the issue.  <|FAILED|><|REASON|>The deployment process was incomplete.  The `kubectl get pods -n default` command returned no output because the pod likely failed to deploy. The reason for the failure cannot be determined without examining the deployment configuration and ensuring the correct namespace is used."}, 17: {'TimeTaken': 49.75303554534912, 'Result': True, 'Failure Reason': 'The kubectl get pods command did not return any information about the pods.  This means that the pod was not successfully created or is not in a state that can be readily observed via kubectl.'}, 18: {'TimeTaken': 47.73325300216675, 'Result': True, 'Failure Reason': 'I was unable to get the pod status after deleting and recreating the pod.  The kubectl get pods command returned no output, preventing me from verifying if the pod is running.'}, 19: {'TimeTaken': 49.94693160057068, 'Result': True, 'Failure Reason': "The kubectl get pods command did not return any information about the pods. This means that either the command failed or there were no pods running.  Without information about the pods, I can't determine their status or proceed with further troubleshooting steps. "}} 

------------------------------------------------------------------ 
(2025-03-15) : Model - gemini-1.5-flash, Technique - allStepsAtOnce, Test Name - wrong_port 

Result: {0: {'TimeTaken': 48.730971813201904, 'Result': True, 'Failure Reason': 'The kubectl get pods command did not return any information, which means that there are no pods running.  This likely means that the pod was not successfully recreated after the image update.'}, 1: {'TimeTaken': 50.3476836681366, 'Result': True, 'Failure Reason': 'The `kubectl get pods` command did not return any output, preventing me from assessing the status of the pods.  Without this information, I cannot determine if all pods are running. '}, 2: {'TimeTaken': 49.50904655456543, 'Result': True, 'Failure Reason': "The provided commands assume the existence of a pod named 'kube-wrong-port'.  A `kubectl get pods` command is needed to determine the actual pod name before deleting and checking logs.  The instructions lack this crucial step, leading to potential failure. <|/REASON|>Running: - run_shell_command(args=...) - run_shell_command(args=...) - run_shell_command(args=kubectl delete pod kube-wrong-port) - run_shell_command(args=kubectl get pods) - run_shell_command(args=kubectl logs kube-wrong-port)Based on the output of this command, I will then delete and check logs of the correct pod. - Running: run_shell_command(args=kubectl get pods)I need the output of `kubectl get pods` to proceed.  Without knowing the pod name, I cannot delete the existing pod or check its logs. Please provide the output of that command. <|FAILED|><|REASON|>The `kubectl get pods` command did not return any output, preventing identification of the pod name which is needed to continue the troubleshooting. "}, 3: {'TimeTaken': 52.07945680618286, 'Result': True, 'Failure Reason': 'I was unable to get the status of the pod after deleting it. The `kubectl get pods` command returned no output.  This means I cannot verify if the pod is running, and therefore I cannot determine if the issue is resolved.'}, 4: {'TimeTaken': 50.95649456977844, 'Result': True, 'Failure Reason': 'The deployment did not automatically recreate the pod after deletion.  More information is needed about the Kubernetes deployment configuration to fully diagnose and resolve the issue. '}, 5: {'TimeTaken': 50.69614911079407, 'Result': True, 'Failure Reason': "The kubectl get pod command failed with a non-zero exit status.  This indicates that the pod 'kube-wrong-port' does not exist after the delete command.  This could be due to a naming mismatch or other issues with the Kubernetes cluster.  Further investigation is required to determine the root cause."}, 6: {'TimeTaken': 53.433003664016724, 'Result': None, 'Failure Reason': "The sed command failed because it is missing the `-i` option to edit the file in place.  The correct command should be `sed -i 's/8000/8765/g' /home/mario/KubeLLM_latest/KubeLLM-main/debug_assistant_latest/troubleshooting/wrong_port/server.py`.  Additionally, the `g` flag ensures that all occurrences of 8000 are replaced, not just the first."}, 7: {'TimeTaken': 50.33836889266968, 'Result': True, 'Failure Reason': None}, 8: {'TimeTaken': 50.73816442489624, 'Result': True, 'Failure Reason': 'The kubectl get pods command did not return any information about the pods, therefore I cannot check if all pods are running. '}, 9: {'TimeTaken': 49.5580518245697, 'Result': True, 'Failure Reason': 'The kubectl get pods command did not return any information about the pods.  This means that the pod was not successfully created or is not in a state that can be observed by kubectl.  The previous commands may have failed, or there may be an issue with the Kubernetes cluster configuration. '}, 10: {'TimeTaken': 50.33923006057739, 'Result': True, 'Failure Reason': 'The kubectl get pods command did not return any output, which means there are no pods running.  Therefore, I cannot proceed to check the pod status or get the pod IP to test the application.'}, 11: {'TimeTaken': 53.65832781791687, 'Result': True, 'Failure Reason': "The pod is still in ContainerCreating state. More time may be needed for the pod to become ready.  The commands were executed successfully, but the pod status is not yet 'RUNNING'."}, 12: {'TimeTaken': 52.125394105911255, 'Result': True, 'Failure Reason': None}, 13: {'TimeTaken': 84.14620852470398, 'Result': True, 'Failure Reason': "I was unable to determine the status of the pods because the command `kubectl get pods` did not return any information about the pod's status.  This may be due to a network issue or insufficient permissions. <|/REASON|>Running: - run_shell_command(args=...) - run_shell_command(args=...) - run_shell_command(args=docker push marioutsa/kube-wrong-port-app) - run_shell_command(args=kubectl delete pod kube-wrong-port) - run_shell_command(args=kubectl get pods) - run_shell_command(args=...)I'll check if the goal has been met. <|FAILED|> <|REASON|>The command `kubectl get pods` still doesn't show all pods running. There might be issues with the deployment or the image itself. More information is needed to debug this. "}, 14: {'TimeTaken': 52.049397706985474, 'Result': True, 'Failure Reason': "The pod 'kube-wrong-port' may not exist, or there may be an issue with the kubectl configuration or cluster connection."}, 15: {'TimeTaken': 19.843003511428833, 'Result': True, 'Failure Reason': 'The kubectl apply command failed, preventing verification of pod status.'}, 16: {'TimeTaken': 22.209291696548462, 'Result': True, 'Failure Reason': None}, 17: {'TimeTaken': 49.83529353141785, 'Result': True, 'Failure Reason': 'The pod is not yet running.  It may still be starting up. '}, 18: {'TimeTaken': 50.98804593086243, 'Result': None, 'Failure Reason': 'The pod is still in ContainerCreating state. More time may be needed for the pod to become ready.'}, 19: {'TimeTaken': 49.075849533081055, 'Result': True, 'Failure Reason': 'The pod is still in ContainerCreating state. More time may be needed for the pod to start running or there may be other issues preventing the pod from starting.'}} 

------------------------------------------------------------------ 
(2025-03-15) : Model - gemini-1.5-flash, Technique - stepByStep, Test Name - incorrect_selector 

Result: {0: {'TimeTaken': 20.881078004837036, 'Result': True, 'Failure Reason': None}, 1: {'TimeTaken': 14.040702819824219, 'Result': False, 'Failure Reason': None}, 2: {'TimeTaken': 23.17541265487671, 'Result': True, 'Failure Reason': None}, 3: {'TimeTaken': 25.563629627227783, 'Result': True, 'Failure Reason': None}, 4: {'TimeTaken': 46.72153353691101, 'Result': False, 'Failure Reason': None}, 5: {'TimeTaken': 44.66742134094238, 'Result': False, 'Failure Reason': None}, 6: {'TimeTaken': 17.200961112976074, 'Result': True, 'Failure Reason': None}, 7: {'TimeTaken': 19.094205379486084, 'Result': True, 'Failure Reason': None}, 8: {'TimeTaken': 20.835354804992676, 'Result': True, 'Failure Reason': None}, 9: {'TimeTaken': 20.199950218200684, 'Result': True, 'Failure Reason': None}, 10: {'TimeTaken': 17.980793714523315, 'Result': False, 'Failure Reason': None}, 11: {'TimeTaken': 14.29995584487915, 'Result': True, 'Failure Reason': None}, 12: {'TimeTaken': 18.93730330467224, 'Result': True, 'Failure Reason': None}, 13: {'TimeTaken': 19.735015392303467, 'Result': True, 'Failure Reason': None}, 14: {'TimeTaken': 19.028250217437744, 'Result': True, 'Failure Reason': None}, 15: {'TimeTaken': 17.64578890800476, 'Result': True, 'Failure Reason': None}, 16: {'TimeTaken': 22.706189155578613, 'Result': True, 'Failure Reason': None}, 17: {'TimeTaken': 16.990903854370117, 'Result': False, 'Failure Reason': None}, 18: {'TimeTaken': 16.02367663383484, 'Result': True, 'Failure Reason': None}, 19: {'TimeTaken': 15.781686305999756, 'Result': True, 'Failure Reason': None}} 

------------------------------------------------------------------ 
(2025-03-15) : Model - gemini-1.5-flash, Technique - stepByStep, Test Name - port_mismatch 

Result: {0: {'TimeTaken': 17.639816284179688, 'Result': True, 'Failure Reason': None}, 1: {'TimeTaken': 11.291443347930908, 'Result': True, 'Failure Reason': None}, 2: {'TimeTaken': 11.588027000427246, 'Result': True, 'Failure Reason': None}, 3: {'TimeTaken': 13.35786509513855, 'Result': True, 'Failure Reason': None}, 4: {'TimeTaken': 16.217201948165894, 'Result': True, 'Failure Reason': None}, 5: {'TimeTaken': 19.11908531188965, 'Result': True, 'Failure Reason': None}, 6: {'TimeTaken': 14.177268743515015, 'Result': True, 'Failure Reason': None}, 7: {'TimeTaken': 12.534544706344604, 'Result': True, 'Failure Reason': None}, 8: {'TimeTaken': 13.220285892486572, 'Result': True, 'Failure Reason': None}, 9: {'TimeTaken': 9.320263624191284, 'Result': True, 'Failure Reason': None}, 10: {'TimeTaken': 16.245087385177612, 'Result': True, 'Failure Reason': None}, 11: {'TimeTaken': 19.153260469436646, 'Result': True, 'Failure Reason': None}, 12: {'TimeTaken': 13.341596603393555, 'Result': True, 'Failure Reason': None}, 13: {'TimeTaken': 27.109869718551636, 'Result': True, 'Failure Reason': None}, 14: {'TimeTaken': 9.083488702774048, 'Result': True, 'Failure Reason': None}, 15: {'TimeTaken': 15.334312200546265, 'Result': True, 'Failure Reason': None}, 16: {'TimeTaken': 15.053752660751343, 'Result': True, 'Failure Reason': None}, 17: {'TimeTaken': 13.023761510848999, 'Result': True, 'Failure Reason': None}, 18: {'TimeTaken': 12.618702411651611, 'Result': True, 'Failure Reason': None}, 19: {'TimeTaken': 11.755300760269165, 'Result': True, 'Failure Reason': None}} 

------------------------------------------------------------------ 
(2025-03-15) : Model - gemini-1.5-flash, Technique - stepByStep, Test Name - readiness_failure 

Result: {0: {'TimeTaken': 9.144168376922607, 'Result': False, 'Failure Reason': None}, 1: {'TimeTaken': 11.234182357788086, 'Result': False, 'Failure Reason': None}, 2: {'TimeTaken': 9.919675588607788, 'Result': False, 'Failure Reason': None}, 3: {'TimeTaken': 7.210428476333618, 'Result': False, 'Failure Reason': None}, 4: {'TimeTaken': 8.749125242233276, 'Result': False, 'Failure Reason': None}, 5: {'TimeTaken': 10.685361862182617, 'Result': False, 'Failure Reason': None}, 6: {'TimeTaken': 15.020687818527222, 'Result': False, 'Failure Reason': None}, 7: {'TimeTaken': 8.954277992248535, 'Result': False, 'Failure Reason': None}, 8: {'TimeTaken': 6.6687822341918945, 'Result': False, 'Failure Reason': None}, 9: {'TimeTaken': 12.607803583145142, 'Result': False, 'Failure Reason': None}, 10: {'TimeTaken': 10.356457233428955, 'Result': False, 'Failure Reason': None}, 11: {'TimeTaken': 9.915012836456299, 'Result': False, 'Failure Reason': None}, 12: {'TimeTaken': 11.145646333694458, 'Result': False, 'Failure Reason': None}, 13: {'TimeTaken': 10.727878093719482, 'Result': True, 'Failure Reason': None}, 14: {'TimeTaken': 6.087571859359741, 'Result': False, 'Failure Reason': None}, 15: {'TimeTaken': 4.36431622505188, 'Result': False, 'Failure Reason': None}, 16: {'TimeTaken': 9.055272579193115, 'Result': False, 'Failure Reason': None}, 17: {'TimeTaken': 12.311162233352661, 'Result': True, 'Failure Reason': None}, 18: {'TimeTaken': 19.837292909622192, 'Result': False, 'Failure Reason': None}, 19: {'TimeTaken': 11.622377872467041, 'Result': False, 'Failure Reason': None}} 

------------------------------------------------------------------ 
(2025-03-15) : Model - gemini-1.5-flash, Technique - stepByStep, Test Name - wrong_interface 

Result: {0: {'TimeTaken': 60.33364009857178, 'Result': True, 'Failure Reason': None}, 1: {'TimeTaken': 55.915229082107544, 'Result': True, 'Failure Reason': None}, 2: {'TimeTaken': 47.4311740398407, 'Result': None, 'Failure Reason': None}, 3: {'TimeTaken': 60.734763860702515, 'Result': True, 'Failure Reason': None}, 4: {'TimeTaken': 16.207342863082886, 'Result': None, 'Failure Reason': None}, 5: {'TimeTaken': 104.95076012611389, 'Result': True, 'Failure Reason': None}, 6: {'TimeTaken': 98.46076345443726, 'Result': True, 'Failure Reason': None}, 7: {'TimeTaken': 17.800113439559937, 'Result': None, 'Failure Reason': None}, 8: {'TimeTaken': 53.373658418655396, 'Result': True, 'Failure Reason': None}, 9: {'TimeTaken': 54.308043479919434, 'Result': True, 'Failure Reason': None}, 10: {'TimeTaken': 51.99496054649353, 'Result': None, 'Failure Reason': None}, 11: {'TimeTaken': 115.3445782661438, 'Result': True, 'Failure Reason': None}, 12: {'TimeTaken': 73.4097089767456, 'Result': True, 'Failure Reason': None}, 13: {'TimeTaken': 20.905138731002808, 'Result': None, 'Failure Reason': None}, 14: {'TimeTaken': 16.97798466682434, 'Result': None, 'Failure Reason': None}, 15: {'TimeTaken': 49.988505601882935, 'Result': None, 'Failure Reason': None}, 16: {'TimeTaken': 49.06720852851868, 'Result': None, 'Failure Reason': None}, 17: {'TimeTaken': 69.0106692314148, 'Result': True, 'Failure Reason': None}, 18: {'TimeTaken': 55.695894956588745, 'Result': True, 'Failure Reason': None}, 19: {'TimeTaken': 13.692535400390625, 'Result': None, 'Failure Reason': None}} 

------------------------------------------------------------------ 
(2025-03-15) : Model - gemini-1.5-flash, Technique - stepByStep, Test Name - wrong_port 

Result: {0: {'TimeTaken': 48.91893434524536, 'Result': True, 'Failure Reason': None}, 1: {'TimeTaken': 51.554171323776245, 'Result': True, 'Failure Reason': None}, 2: {'TimeTaken': 59.400458097457886, 'Result': True, 'Failure Reason': None}, 3: {'TimeTaken': 228.9147229194641, 'Result': True, 'Failure Reason': None}, 4: {'TimeTaken': 89.40818977355957, 'Result': True, 'Failure Reason': None}, 5: {'TimeTaken': 61.99542737007141, 'Result': True, 'Failure Reason': None}, 6: {'TimeTaken': 225.90807008743286, 'Result': True, 'Failure Reason': None}, 7: {'TimeTaken': 19.554787635803223, 'Result': True, 'Failure Reason': None}, 8: {'TimeTaken': 223.78466367721558, 'Result': True, 'Failure Reason': None}, 9: {'TimeTaken': 107.2989273071289, 'Result': True, 'Failure Reason': None}, 10: {'TimeTaken': 51.469433069229126, 'Result': True, 'Failure Reason': None}, 11: {'TimeTaken': 49.07972502708435, 'Result': True, 'Failure Reason': None}, 12: {'TimeTaken': 21.3594491481781, 'Result': None, 'Failure Reason': None}, 13: {'TimeTaken': 48.06293272972107, 'Result': True, 'Failure Reason': None}, 14: {'TimeTaken': 53.54751420021057, 'Result': True, 'Failure Reason': None}, 15: {'TimeTaken': 53.37708258628845, 'Result': True, 'Failure Reason': None}, 16: {'TimeTaken': 60.53039813041687, 'Result': True, 'Failure Reason': None}, 17: {'TimeTaken': 49.753621339797974, 'Result': True, 'Failure Reason': None}, 18: {'TimeTaken': 88.90278220176697, 'Result': True, 'Failure Reason': None}, 19: {'TimeTaken': 13.31667971611023, 'Result': None, 'Failure Reason': None}} 

------------------------------------------------------------------ 
(2025-03-16) : Model - gemini-1.5-flash, Technique - singleAgent, Test Name - incorrect_selector 

Result: {0: {'TimeTaken': 6.982844591140747, 'Result': True, 'Failure Reason': None}, 1: {'TimeTaken': 6.962515592575073, 'Result': True, 'Failure Reason': None}, 2: {'TimeTaken': 6.343759298324585, 'Result': False, 'Failure Reason': None}, 3: {'TimeTaken': 10.237532615661621, 'Result': True, 'Failure Reason': None}, 4: {'TimeTaken': 1001.7565672397614, 'Result': False, 'Failure Reason': None}, 5: {'TimeTaken': 39.730112075805664, 'Result': False, 'Failure Reason': None}, 6: {'TimeTaken': 39.17767286300659, 'Result': False, 'Failure Reason': 'The image pull failed for the pod kube-incorrect-selector-application, and I could not determine the cause. The command `kubectl get pods` showed this status.'}, 7: {'TimeTaken': 8.938972234725952, 'Result': True, 'Failure Reason': 'The `kube-incorrect-selector-application` pod failed to start due to an image pull error, which was not addressed by fixing the service selector. '}, 8: {'TimeTaken': 46.19502520561218, 'Result': False, 'Failure Reason': 'The issue was caused by an inability to pull the specified docker image.  The command that caused the issue was `kubectl apply -f /home/mario/KubeLLM_latest/KubeLLM-main/debug_assistant_latest/troubleshooting/incorrect_selector/incorrect_selector.yaml`.'}, 9: {'TimeTaken': 7.258671998977661, 'Result': True, 'Failure Reason': None}, 10: {'TimeTaken': 7.052819728851318, 'Result': True, 'Failure Reason': None}, 11: {'TimeTaken': 70.80743861198425, 'Result': True, 'Failure Reason': 'The pod is in a ContainerCreating state, and I need more information from the logs to determine the cause. The logs are not accessible at this point.'}, 12: {'TimeTaken': 14.590872764587402, 'Result': True, 'Failure Reason': None}, 13: {'TimeTaken': 52.58950877189636, 'Result': False, 'Failure Reason': 'The issue was caused by an inability to pull the docker image, due to insufficient information regarding the image.  The command `kubectl logs kube-incorrect-selector-application -n default` failed because the pod was not running. '}, 14: {'TimeTaken': 38.18748617172241, 'Result': False, 'Failure Reason': "The pod `kube-incorrect-selector-application` is failing to start with an `ErrImagePull` error.  This indicates that there's a problem pulling the specified Docker image. I corrected the label mismatch, but the image pull issue remains.  Further investigation is needed into why the image is not being pulled successfully, possibly by checking the Docker configuration and image repository."}, 15: {'TimeTaken': 38.033400774002075, 'Result': False, 'Failure Reason': 'The image pull failed, and I need additional information like Docker credentials or access to a private registry to investigate the root cause.'}, 16: {'TimeTaken': 37.934282302856445, 'Result': False, 'Failure Reason': None}, 17: {'TimeTaken': 38.207825660705566, 'Result': False, 'Failure Reason': 'The pod `kube-incorrect-selector-application` is in `ImagePullBackOff` state.  This means it cannot pull the image. This was the result after correcting the label mismatch and reapplying the deployment. Further investigation is needed to determine why the image pull is failing.  The command `kubectl get pods` showed that the pod is not running. '}, 18: {'TimeTaken': 10.137025117874146, 'Result': True, 'Failure Reason': 'The issue was not resolved because the `kube-incorrect-selector-application` pod continued to be in `ImagePullBackOff` state even after correcting the service selector. The logs of this pod would be needed to determine the exact cause of the image pull failure.<|/REASON|> - Running: run_shell_command(args=kubectl logs kube-incorrect-selector-application)The command `kubectl logs kube-incorrect-selector-application` failed because the pod is not running.  The original problem was that the selector in the service definition was incorrect, preventing the service from reaching the pod.  Even after correcting that, the image pullbackoff error remains, suggesting a problem unrelated to the service. To proceed further I need more information such as the output of `kubectl describe pod kube-incorrect-selector-application` and possibly access to the docker configuration and the image repository to investigate why the image pull failed.<|FAILED|><|REASON|>The `kubectl logs` command failed because the pod was not running, even after correcting the service selector.  The root cause of the image pull failure is unknown without further information about the docker configuration and image repository.'}, 19: {'TimeTaken': 38.347864627838135, 'Result': False, 'Failure Reason': 'The application did not start successfully.  Further diagnostics are needed to determine the cause.'}} 

------------------------------------------------------------------ 
(2025-03-16) : Model - gemini-1.5-flash, Technique - singleAgent, Test Name - port_mismatch 

Result: {0: {'TimeTaken': 5.054286003112793, 'Result': True, 'Failure Reason': "The issue is that there is another pod that is not running, and I don't have enough information to debug it.  The command `kubectl get pods` showed the existence of this pod, but I lack the information to fix it."}, 1: {'TimeTaken': 4.498207330703735, 'Result': True, 'Failure Reason': None}, 2: {'TimeTaken': 4.120795011520386, 'Result': True, 'Failure Reason': None}, 3: {'TimeTaken': 4.194118499755859, 'Result': True, 'Failure Reason': None}, 4: {'TimeTaken': 4.028312921524048, 'Result': True, 'Failure Reason': None}, 5: {'TimeTaken': 4.204346179962158, 'Result': True, 'Failure Reason': None}, 6: {'TimeTaken': 4.0757739543914795, 'Result': True, 'Failure Reason': None}, 7: {'TimeTaken': 4.412150144577026, 'Result': True, 'Failure Reason': None}, 8: {'TimeTaken': 4.140875339508057, 'Result': True, 'Failure Reason': None}, 9: {'TimeTaken': 4.459230422973633, 'Result': True, 'Failure Reason': None}, 10: {'TimeTaken': 4.069870233535767, 'Result': True, 'Failure Reason': None}, 11: {'TimeTaken': 4.32354736328125, 'Result': True, 'Failure Reason': None}, 12: {'TimeTaken': 4.124043941497803, 'Result': True, 'Failure Reason': None}, 13: {'TimeTaken': 5.451541185379028, 'Result': True, 'Failure Reason': None}, 14: {'TimeTaken': 4.2237420082092285, 'Result': True, 'Failure Reason': None}, 15: {'TimeTaken': 4.208973169326782, 'Result': True, 'Failure Reason': None}, 16: {'TimeTaken': 4.050327301025391, 'Result': True, 'Failure Reason': None}, 17: {'TimeTaken': 4.163974046707153, 'Result': True, 'Failure Reason': None}, 18: {'TimeTaken': 4.120380401611328, 'Result': True, 'Failure Reason': None}, 19: {'TimeTaken': 4.507903337478638, 'Result': True, 'Failure Reason': None}} 

------------------------------------------------------------------ 
(2025-03-16) : Model - gemini-1.5-flash, Technique - singleAgent, Test Name - readiness_failure 

Result: {0: {'TimeTaken': 3.3046438694000244, 'Result': False, 'Failure Reason': 'The initial `kubectl apply` command failed with a non-zero exit status, indicating an error during the deployment process.  The subsequent `kubectl get pods` command shows that the pod is running, however, so it is unclear what is causing the original failure.'}, 1: {'TimeTaken': 28.47120237350464, 'Result': False, 'Failure Reason': None}, 2: {'TimeTaken': 29.843395471572876, 'Result': False, 'Failure Reason': None}, 3: {'TimeTaken': 34.29716396331787, 'Result': True, 'Failure Reason': None}, 4: {'TimeTaken': 20.458168745040894, 'Result': False, 'Failure Reason': None}, 5: {'TimeTaken': 2.6245365142822266, 'Result': False, 'Failure Reason': None}, 6: {'TimeTaken': 3.3280484676361084, 'Result': False, 'Failure Reason': 'The provided YAML file has an incorrect livenessProbe path, resulting in a readiness failure.  More information is needed to correct the path and resolve the issue.'}, 7: {'TimeTaken': 4.564368009567261, 'Result': False, 'Failure Reason': None}, 8: {'TimeTaken': 3.7360904216766357, 'Result': False, 'Failure Reason': None}, 9: {'TimeTaken': 3.358978748321533, 'Result': False, 'Failure Reason': None}, 10: {'TimeTaken': 6.939268350601196, 'Result': True, 'Failure Reason': None}, 11: {'TimeTaken': 10.006986141204834, 'Result': True, 'Failure Reason': None}, 12: {'TimeTaken': 3.6304187774658203, 'Result': False, 'Failure Reason': None}, 13: {'TimeTaken': 4.269164562225342, 'Result': False, 'Failure Reason': "The issue is that the container is not starting correctly, and further investigation is needed to determine the reason for the failure. The `ContainerCreating` status is not directly related to the readiness probe, so changing the probe won't solve the underlying problem. The initial command to apply the yaml file was successful, indicating no syntax error in the file. However, without further logs or details from the container, I cannot determine the root cause of the container creation failure. "}, 14: {'TimeTaken': 13.653378963470459, 'Result': False, 'Failure Reason': None}, 15: {'TimeTaken': 13.742614984512329, 'Result': False, 'Failure Reason': None}, 16: {'TimeTaken': 3.0028891563415527, 'Result': False, 'Failure Reason': None}, 17: {'TimeTaken': 3.2354557514190674, 'Result': False, 'Failure Reason': None}, 18: {'TimeTaken': 20.835856199264526, 'Result': True, 'Failure Reason': None}, 19: {'TimeTaken': 9.339468955993652, 'Result': True, 'Failure Reason': None}} 

------------------------------------------------------------------ 
(2025-03-16) : Model - gemini-1.5-flash, Technique - singleAgent, Test Name - wrong_interface 

Result: {0: {'TimeTaken': 4.49362325668335, 'Result': None, 'Failure Reason': None}, 1: {'TimeTaken': 3.587494373321533, 'Result': None, 'Failure Reason': None}, 2: {'TimeTaken': 15.529411792755127, 'Result': None, 'Failure Reason': None}, 3: {'TimeTaken': 4.780452251434326, 'Result': None, 'Failure Reason': None}, 4: {'TimeTaken': 4.859448671340942, 'Result': None, 'Failure Reason': None}, 5: {'TimeTaken': 5.334720611572266, 'Result': None, 'Failure Reason': None}, 6: {'TimeTaken': 4.29301643371582, 'Result': None, 'Failure Reason': None}, 7: {'TimeTaken': 4.5560948848724365, 'Result': None, 'Failure Reason': None}, 8: {'TimeTaken': 4.557609796524048, 'Result': None, 'Failure Reason': None}, 9: {'TimeTaken': 3.935231924057007, 'Result': None, 'Failure Reason': 'I tried to create a deployment and then get the logs, but I failed because the pod was not ready. '}, 10: {'TimeTaken': 4.105494737625122, 'Result': None, 'Failure Reason': None}, 11: {'TimeTaken': 14.520688772201538, 'Result': None, 'Failure Reason': None}, 12: {'TimeTaken': 3.586379289627075, 'Result': None, 'Failure Reason': 'The command `kubectl create -f /home/mario/KubeLLM_latest/KubeLLM-main/debug_assistant_latest/troubleshooting/wrong_interface/wrong_interface.yaml` failed with a non-zero exit status.  The reason for this failure is not clear from the provided information.  More information is needed to diagnose the problem and proceed with troubleshooting.'}, 13: {'TimeTaken': 4.218792200088501, 'Result': None, 'Failure Reason': None}, 14: {'TimeTaken': 4.823668718338013, 'Result': None, 'Failure Reason': None}, 15: {'TimeTaken': 3.746563196182251, 'Result': None, 'Failure Reason': 'The command `kubectl create -f /home/mario/KubeLLM_latest/KubeLLM-main/debug_assistant_latest/troubleshooting/wrong_interface/wrong_interface.yaml` failed with a non-zero exit status.  The reason for the failure is not clear from the provided information, but it suggests a problem with the YAML file or the image used in the deployment. '}, 16: {'TimeTaken': 3.858436346054077, 'Result': None, 'Failure Reason': "The command `kubectl expose deployment kube-wrong-interface --type=NodePort --port=8765 --target-port=8765 -n default` failed.  This likely means there's a problem with the deployment itself, or the `kube-wrong-interface-app` image is not properly configured."}, 17: {'TimeTaken': 3.957493543624878, 'Result': None, 'Failure Reason': 'The command `kubectl create -f /home/mario/KubeLLM_latest/KubeLLM-main/debug_assistant_latest/troubleshooting/wrong_interface/wrong_interface.yaml` failed with a non-zero exit status.  The reason for the failure is not apparent from the provided information. More information is needed to debug the issue. '}, 18: {'TimeTaken': 4.318863391876221, 'Result': None, 'Failure Reason': None}, 19: {'TimeTaken': 3.7342164516448975, 'Result': None, 'Failure Reason': 'The command `kubectl create -f /home/mario/KubeLLM_latest/KubeLLM-main/debug_assistant_latest/troubleshooting/wrong_interface/wrong_interface.yaml` failed with a non-zero exit status.  The reason for the failure is not clear from the provided information, but it is likely due to a problem with the YAML file itself or with the Docker image it references.'}} 

------------------------------------------------------------------ 
(2025-03-16) : Model - gemini-1.5-flash, Technique - singleAgent, Test Name - wrong_port 

Result: {0: {'TimeTaken': 7.590504884719849, 'Result': None, 'Failure Reason': 'The kubectl logs command returned no output, preventing verification of successful application start.'}, 1: {'TimeTaken': 5.741372346878052, 'Result': None, 'Failure Reason': None}, 2: {'TimeTaken': 5.468159914016724, 'Result': None, 'Failure Reason': None}, 3: {'TimeTaken': 4.8377625942230225, 'Result': None, 'Failure Reason': None}, 4: {'TimeTaken': 5.374300956726074, 'Result': None, 'Failure Reason': 'The code successfully modified the YAML file and reapplied the deployment, but the final status of the pod is unknown without access to the `kubectl get pods` output.  There is no way to determine if the pod is RUNNING. '}, 5: {'TimeTaken': 40.793031215667725, 'Result': None, 'Failure Reason': 'The pod is stuck in the ContainerCreating state, and the logs are empty, which indicates a problem outside the scope of simple configuration changes.  The problem might be with the Docker image itself, or there could be an underlying networking or cluster issue.'}, 6: {'TimeTaken': 48.924548625946045, 'Result': None, 'Failure Reason': None}, 7: {'TimeTaken': 6.219896078109741, 'Result': None, 'Failure Reason': None}, 8: {'TimeTaken': 36.968218088150024, 'Result': None, 'Failure Reason': None}, 9: {'TimeTaken': 10.681755065917969, 'Result': True, 'Failure Reason': None}, 10: {'TimeTaken': 10.51407265663147, 'Result': None, 'Failure Reason': 'The issue could not be resolved because the application logs were empty, even after ensuring the pod was running and the port mapping was correct. This indicated a problem within the application code itself, or its environment, which requires more information than what was initially provided to diagnose and solve.'}, 11: {'TimeTaken': 5.113563537597656, 'Result': None, 'Failure Reason': None}, 12: {'TimeTaken': 5.022249221801758, 'Result': None, 'Failure Reason': None}, 13: {'TimeTaken': 7.096537113189697, 'Result': None, 'Failure Reason': 'The `kubectl apply` command failed, which prevented the deployment from being updated.  The exact cause of the failure needs further investigation. '}, 14: {'TimeTaken': 48.069703102111816, 'Result': None, 'Failure Reason': None}, 15: {'TimeTaken': 6.033278226852417, 'Result': None, 'Failure Reason': None}, 16: {'TimeTaken': 4.666839122772217, 'Result': None, 'Failure Reason': None}, 17: {'TimeTaken': 4.187784194946289, 'Result': None, 'Failure Reason': None}, 18: {'TimeTaken': 8.970306158065796, 'Result': None, 'Failure Reason': 'The `sed` command failed to update the deployment YAML file due to incorrect usage of sed with YAML.  The tools do not offer a robust YAML editor, preventing the necessary update.'}, 19: {'TimeTaken': 52.03355550765991, 'Result': None, 'Failure Reason': None}} 

------------------------------------------------------------------ 
(2025-03-16) : Model - gpt-4o, Technique - allStepsAtOnce, Test Name - incorrect_selector 

Result: {0: {'TimeTaken': 15.756065607070923, 'Result': True, 'Failure Reason': None}, 1: {'TimeTaken': 16.201411485671997, 'Result': True, 'Failure Reason': None}, 2: {'TimeTaken': 16.162749767303467, 'Result': True, 'Failure Reason': None}, 3: {'TimeTaken': 13.84914779663086, 'Result': True, 'Failure Reason': None}, 4: {'TimeTaken': 23.426268577575684, 'Result': True, 'Failure Reason': None}, 5: {'TimeTaken': 11.838019371032715, 'Result': True, 'Failure Reason': None}, 6: {'TimeTaken': 17.481512784957886, 'Result': True, 'Failure Reason': None}, 7: {'TimeTaken': 14.611451148986816, 'Result': True, 'Failure Reason': None}, 8: {'TimeTaken': 14.279187679290771, 'Result': True, 'Failure Reason': None}, 9: {'TimeTaken': 16.378141164779663, 'Result': True, 'Failure Reason': None}, 10: {'TimeTaken': 14.187415599822998, 'Result': True, 'Failure Reason': None}, 11: {'TimeTaken': 13.093321800231934, 'Result': True, 'Failure Reason': None}, 12: {'TimeTaken': 14.30549669265747, 'Result': True, 'Failure Reason': None}, 13: {'TimeTaken': 12.732683897018433, 'Result': True, 'Failure Reason': None}, 14: {'TimeTaken': 15.620729684829712, 'Result': True, 'Failure Reason': None}, 15: {'TimeTaken': 18.20551824569702, 'Result': True, 'Failure Reason': None}, 16: {'TimeTaken': 48.95409917831421, 'Result': True, 'Failure Reason': None}, 17: {'TimeTaken': 18.687517404556274, 'Result': True, 'Failure Reason': None}, 18: {'TimeTaken': 12.680243015289307, 'Result': True, 'Failure Reason': None}, 19: {'TimeTaken': 14.698125123977661, 'Result': True, 'Failure Reason': None}} 

------------------------------------------------------------------ 
(2025-03-16) : Model - gpt-4o, Technique - allStepsAtOnce, Test Name - port_mismatch 

Result: {0: {'TimeTaken': 14.706604719161987, 'Result': True, 'Failure Reason': None}, 1: {'TimeTaken': 12.65760064125061, 'Result': True, 'Failure Reason': None}, 2: {'TimeTaken': 16.979486227035522, 'Result': True, 'Failure Reason': None}, 3: {'TimeTaken': 16.863152980804443, 'Result': True, 'Failure Reason': None}, 4: {'TimeTaken': 14.596508502960205, 'Result': True, 'Failure Reason': None}, 5: {'TimeTaken': 21.1634202003479, 'Result': True, 'Failure Reason': None}, 6: {'TimeTaken': 19.991228818893433, 'Result': True, 'Failure Reason': None}, 7: {'TimeTaken': 13.39729905128479, 'Result': True, 'Failure Reason': None}, 8: {'TimeTaken': 18.646965265274048, 'Result': True, 'Failure Reason': None}, 9: {'TimeTaken': 13.43306303024292, 'Result': True, 'Failure Reason': None}, 10: {'TimeTaken': 16.798731327056885, 'Result': True, 'Failure Reason': None}, 11: {'TimeTaken': 14.16764211654663, 'Result': True, 'Failure Reason': None}, 12: {'TimeTaken': 16.466380834579468, 'Result': True, 'Failure Reason': None}, 13: {'TimeTaken': 15.433778762817383, 'Result': True, 'Failure Reason': None}, 14: {'TimeTaken': 15.699364185333252, 'Result': True, 'Failure Reason': None}, 15: {'TimeTaken': 13.569259643554688, 'Result': True, 'Failure Reason': None}, 16: {'TimeTaken': 16.882782459259033, 'Result': True, 'Failure Reason': None}, 17: {'TimeTaken': 17.601989269256592, 'Result': True, 'Failure Reason': None}, 18: {'TimeTaken': 14.178521394729614, 'Result': True, 'Failure Reason': None}, 19: {'TimeTaken': 19.536157369613647, 'Result': True, 'Failure Reason': None}} 

------------------------------------------------------------------ 
(2025-03-16) : Model - gpt-4o, Technique - allStepsAtOnce, Test Name - readiness_failure 

Result: {0: {'TimeTaken': 11.862920999526978, 'Result': False, 'Failure Reason': None}, 1: {'TimeTaken': 16.87232279777527, 'Result': True, 'Failure Reason': None}, 2: {'TimeTaken': 16.51586413383484, 'Result': False, 'Failure Reason': '- The command `kubectl apply -f /home/mario/KubeLLM_latest/KubeLLM-main/debug_assistant_latest/troubleshooting/readiness_failure/readiness_failure.yaml` returned a non-zero exit status, indicating a problem applying the configuration file.- Subsequent attempts to force apply also failed.- Checking the pod status with `kubectl get pods` showed that the pod is in an Error state.- Describing the pod with `kubectl describe pod readiness-http` failed, possibly because the pod is not running correctly.'}, 3: {'TimeTaken': 16.83619713783264, 'Result': False, 'Failure Reason': None}, 4: {'TimeTaken': 9.924574851989746, 'Result': False, 'Failure Reason': None}, 5: {'TimeTaken': 18.75380301475525, 'Result': True, 'Failure Reason': None}, 6: {'TimeTaken': 9.710925102233887, 'Result': True, 'Failure Reason': None}, 7: {'TimeTaken': 14.008150577545166, 'Result': False, 'Failure Reason': 'The command `kubectl apply -f /home/mario/KubeLLM_latest/KubeLLM-main/debug_assistant_latest/troubleshooting/readiness_failure/readiness_failure.yaml` failed, which could be caused by a syntax issue in the YAML or cluster context issues not detailed in the stderr output.'}, 8: {'TimeTaken': 8.676051139831543, 'Result': False, 'Failure Reason': None}, 9: {'TimeTaken': 10.597102642059326, 'Result': False, 'Failure Reason': None}, 10: {'TimeTaken': 15.452569961547852, 'Result': True, 'Failure Reason': None}, 11: {'TimeTaken': 9.028775215148926, 'Result': True, 'Failure Reason': None}, 12: {'TimeTaken': 11.333694458007812, 'Result': False, 'Failure Reason': None}, 13: {'TimeTaken': 14.002565145492554, 'Result': False, 'Failure Reason': None}, 14: {'TimeTaken': 27.91905379295349, 'Result': False, 'Failure Reason': 'The repeated failure of the `kubectl apply` command without revealing specific error messages, combined with the previously revealed state of the pod being `Ready`, indicates that the problem is unrelated to the configuration change and likely needs deeper cluster-level diagnostics that require checks on node status, resource availability, and potentially inaccessible or outdated resources.'}, 15: {'TimeTaken': 23.303972005844116, 'Result': False, 'Failure Reason': ' The `kubectl apply` command failed to apply the changes indicating a non-zero exit status. The YAML file contents and indentation were corrected, but the underlying reason for the failure remains unresolved. '}, 16: {'TimeTaken': 11.05306601524353, 'Result': False, 'Failure Reason': None}, 17: {'TimeTaken': 9.41347861289978, 'Result': False, 'Failure Reason': None}, 18: {'TimeTaken': 9.541581153869629, 'Result': False, 'Failure Reason': None}, 19: {'TimeTaken': 494.08241868019104, 'Result': False, 'Failure Reason': 'The liveness probe continues to fail with a 404 status code, causing the pod to restart in a loop. The assumed "correct" path for the probe might not be accurately configured, or there\'s an additional issue with the way the application is set up for health checks.'}} 

------------------------------------------------------------------ 
(2025-03-16) : Model - gpt-4o, Technique - allStepsAtOnce, Test Name - wrong_interface 

Result: {0: {'TimeTaken': 58.486103534698486, 'Result': True, 'Failure Reason': None}, 1: {'TimeTaken': 63.96216559410095, 'Result': True, 'Failure Reason': None}, 2: {'TimeTaken': 194.34347581863403, 'Result': True, 'Failure Reason': None}, 3: {'TimeTaken': 58.83173608779907, 'Result': True, 'Failure Reason': None}, 4: {'TimeTaken': 54.369972229003906, 'Result': True, 'Failure Reason': "The command `kubectl get pods` failed to produce any output, preventing me from verifying the pods' statuses."}, 5: {'TimeTaken': 55.053436517715454, 'Result': True, 'Failure Reason': None}, 6: {'TimeTaken': 54.809104681015015, 'Result': True, 'Failure Reason': None}, 7: {'TimeTaken': 494.20016145706177, 'Result': True, 'Failure Reason': 'The command `kubectl get pods --watch -n default` was intended to continuously watch for the pod status updates. However, there seems to be a connection or configuration timeout which prevents the current status of all pods from being displayed.'}, 8: {'TimeTaken': 21.609962463378906, 'Result': True, 'Failure Reason': None}, 9: {'TimeTaken': 57.32350182533264, 'Result': True, 'Failure Reason': 'The error might be due to the absence or non-running state of the pod `kube-wrong-interface`, since the command to access it failed to execute. The inability to retrieve the current pod status using `kubectl get pods` suggests a possible problem with the Kubernetes cluster or the execution environment.'}, 10: {'TimeTaken': 183.7148082256317, 'Result': True, 'Failure Reason': None}, 11: {'TimeTaken': 55.81594252586365, 'Result': True, 'Failure Reason': None}, 12: {'TimeTaken': 73.46310806274414, 'Result': True, 'Failure Reason': None}, 13: {'TimeTaken': 54.026649951934814, 'Result': True, 'Failure Reason': 'The command `kubectl set image pod/kube-wrong-interface kube-wrong-interface=marioutsa/kube-wrong-interface-app:latest` failed indicating that there seems to be a problem with updating the image for the pod or the pod might not exist anymore after deletion.'}, 14: {'TimeTaken': 54.5824875831604, 'Result': True, 'Failure Reason': None}, 15: {'TimeTaken': 56.23096299171448, 'Result': True, 'Failure Reason': None}, 16: {'TimeTaken': 55.554394245147705, 'Result': True, 'Failure Reason': None}, 17: {'TimeTaken': 52.3809814453125, 'Result': True, 'Failure Reason': None}, 18: {'TimeTaken': 56.13078212738037, 'Result': True, 'Failure Reason': None}, 19: {'TimeTaken': 203.96949934959412, 'Result': True, 'Failure Reason': ' I cant retrieve the logs or confirm the application response. '}} 

------------------------------------------------------------------ 
(2025-03-16) : Model - gpt-4o, Technique - allStepsAtOnce, Test Name - wrong_port 

Result: {0: {'TimeTaken': 20.699912071228027, 'Result': None, 'Failure Reason': None}, 1: {'TimeTaken': 57.757651805877686, 'Result': True, 'Failure Reason': None}, 2: {'TimeTaken': 54.37815856933594, 'Result': True, 'Failure Reason': None}, 3: {'TimeTaken': 51.99507403373718, 'Result': True, 'Failure Reason': None}, 4: {'TimeTaken': 57.429877281188965, 'Result': True, 'Failure Reason': 'The command `kubectl get pods` failed to return any output multiple times. This may be due to a connection issue with the Kubernetes cluster or the cluster not having any active pods. Without this information, I cannot verify if the solution was applied successfully or not.'}, 5: {'TimeTaken': 51.82723808288574, 'Result': True, 'Failure Reason': None}, 6: {'TimeTaken': 50.866377115249634, 'Result': True, 'Failure Reason': 'The `kubectl get pods` command failed, potentially due to issues with the local Kubernetes environment or an incomplete configuration. Please ensure that your Kubernetes cluster is running correctly and try again.'}, 7: {'TimeTaken': 56.12326622009277, 'Result': True, 'Failure Reason': None}, 8: {'TimeTaken': 53.88447403907776, 'Result': True, 'Failure Reason': None}, 9: {'TimeTaken': 57.329333543777466, 'Result': True, 'Failure Reason': None}, 10: {'TimeTaken': 57.17323184013367, 'Result': True, 'Failure Reason': None}, 11: {'TimeTaken': 58.90745139122009, 'Result': True, 'Failure Reason': None}, 12: {'TimeTaken': 56.98981595039368, 'Result': True, 'Failure Reason': None}, 13: {'TimeTaken': 27.214054107666016, 'Result': None, 'Failure Reason': None}, 14: {'TimeTaken': 52.26069641113281, 'Result': True, 'Failure Reason': None}, 15: {'TimeTaken': 51.87443709373474, 'Result': True, 'Failure Reason': 'The command `kubectl get pods` did not return any output, which is unexpected. This might be because the pod was not recreated or there is a delay in pod initialization.'}, 16: {'TimeTaken': 55.70769643783569, 'Result': True, 'Failure Reason': None}, 17: {'TimeTaken': 51.619760274887085, 'Result': True, 'Failure Reason': None}, 18: {'TimeTaken': 56.997974157333374, 'Result': True, 'Failure Reason': None}, 19: {'TimeTaken': 20.78489637374878, 'Result': None, 'Failure Reason': None}} 

------------------------------------------------------------------ 
(2025-03-16) : Model - gpt-4o, Technique - stepByStep, Test Name - incorrect_selector 

Result: {0: {'TimeTaken': 10.90034556388855, 'Result': False, 'Failure Reason': None}, 1: {'TimeTaken': 25.444345951080322, 'Result': True, 'Failure Reason': None}, 2: {'TimeTaken': 25.647398710250854, 'Result': True, 'Failure Reason': None}, 3: {'TimeTaken': 57.95150589942932, 'Result': True, 'Failure Reason': None}, 4: {'TimeTaken': 11.176196098327637, 'Result': False, 'Failure Reason': None}, 5: {'TimeTaken': 61.36821007728577, 'Result': True, 'Failure Reason': None}, 6: {'TimeTaken': 23.78568148612976, 'Result': True, 'Failure Reason': None}, 7: {'TimeTaken': 18.579248666763306, 'Result': True, 'Failure Reason': None}, 8: {'TimeTaken': 18.33879518508911, 'Result': True, 'Failure Reason': None}, 9: {'TimeTaken': 26.281925678253174, 'Result': True, 'Failure Reason': None}, 10: {'TimeTaken': 22.186042308807373, 'Result': True, 'Failure Reason': None}, 11: {'TimeTaken': 55.040727615356445, 'Result': True, 'Failure Reason': None}, 12: {'TimeTaken': 26.739073276519775, 'Result': True, 'Failure Reason': None}, 13: {'TimeTaken': 23.070926189422607, 'Result': True, 'Failure Reason': None}, 14: {'TimeTaken': 54.58572196960449, 'Result': True, 'Failure Reason': None}, 15: {'TimeTaken': 10.102506399154663, 'Result': False, 'Failure Reason': None}, 16: {'TimeTaken': 19.542654037475586, 'Result': True, 'Failure Reason': None}, 17: {'TimeTaken': 10.169406414031982, 'Result': False, 'Failure Reason': None}, 18: {'TimeTaken': 24.65601658821106, 'Result': True, 'Failure Reason': None}, 19: {'TimeTaken': 22.48891854286194, 'Result': True, 'Failure Reason': None}} 

------------------------------------------------------------------ 
(2025-03-16) : Model - gpt-4o, Technique - stepByStep, Test Name - port_mismatch 

Result: {0: {'TimeTaken': 25.870495319366455, 'Result': True, 'Failure Reason': None}, 1: {'TimeTaken': 162.12546253204346, 'Result': True, 'Failure Reason': None}, 2: {'TimeTaken': 28.22616744041443, 'Result': True, 'Failure Reason': None}, 3: {'TimeTaken': 66.06262421607971, 'Result': True, 'Failure Reason': None}, 4: {'TimeTaken': 27.879781484603882, 'Result': True, 'Failure Reason': None}, 5: {'TimeTaken': 60.04353213310242, 'Result': True, 'Failure Reason': None}, 6: {'TimeTaken': 27.93008017539978, 'Result': True, 'Failure Reason': None}, 7: {'TimeTaken': 10.4189133644104, 'Result': True, 'Failure Reason': None}, 8: {'TimeTaken': 61.86532211303711, 'Result': True, 'Failure Reason': None}, 9: {'TimeTaken': 60.937562704086304, 'Result': True, 'Failure Reason': None}, 10: {'TimeTaken': 192.65648865699768, 'Result': True, 'Failure Reason': None}, 11: {'TimeTaken': 8.573418855667114, 'Result': True, 'Failure Reason': None}, 12: {'TimeTaken': 71.09194254875183, 'Result': True, 'Failure Reason': None}, 13: {'TimeTaken': 62.50437021255493, 'Result': True, 'Failure Reason': None}, 14: {'TimeTaken': 88.6079044342041, 'Result': False, 'Failure Reason': None}, 15: {'TimeTaken': 65.10274076461792, 'Result': True, 'Failure Reason': None}, 16: {'TimeTaken': 31.960821866989136, 'Result': True, 'Failure Reason': None}, 17: {'TimeTaken': 23.02441716194153, 'Result': True, 'Failure Reason': None}, 18: {'TimeTaken': 59.43788146972656, 'Result': True, 'Failure Reason': None}, 19: {'TimeTaken': 59.39090585708618, 'Result': True, 'Failure Reason': None}} 

------------------------------------------------------------------ 
(2025-03-16) : Model - gpt-4o, Technique - stepByStep, Test Name - readiness_failure 

Result: {0: {'TimeTaken': 68.99013781547546, 'Result': True, 'Failure Reason': None}, 1: {'TimeTaken': 56.76380968093872, 'Result': False, 'Failure Reason': None}, 2: {'TimeTaken': 24.6902015209198, 'Result': True, 'Failure Reason': None}, 3: {'TimeTaken': 35.33413243293762, 'Result': False, 'Failure Reason': None}, 4: {'TimeTaken': 25.906598567962646, 'Result': False, 'Failure Reason': None}, 5: {'TimeTaken': 18.484553813934326, 'Result': True, 'Failure Reason': None}, 6: {'TimeTaken': 5.764825105667114, 'Result': False, 'Failure Reason': None}, 7: {'TimeTaken': 5.7712321281433105, 'Result': False, 'Failure Reason': None}, 8: {'TimeTaken': 13.122626304626465, 'Result': False, 'Failure Reason': None}, 9: {'TimeTaken': 74.37511348724365, 'Result': True, 'Failure Reason': None}, 10: {'TimeTaken': 44.4161958694458, 'Result': False, 'Failure Reason': None}, 11: {'TimeTaken': 29.985334157943726, 'Result': True, 'Failure Reason': None}, 12: {'TimeTaken': 23.2154483795166, 'Result': False, 'Failure Reason': None}, 13: {'TimeTaken': 518.8647058010101, 'Result': True, 'Failure Reason': None}, 14: {'TimeTaken': 6.200010299682617, 'Result': False, 'Failure Reason': None}, 15: {'TimeTaken': 5.624292373657227, 'Result': False, 'Failure Reason': None}, 16: {'TimeTaken': 33.203558683395386, 'Result': True, 'Failure Reason': None}, 17: {'TimeTaken': 39.084492683410645, 'Result': True, 'Failure Reason': None}, 18: {'TimeTaken': 38.3229193687439, 'Result': True, 'Failure Reason': None}, 19: {'TimeTaken': 14.475949048995972, 'Result': False, 'Failure Reason': None}} 

------------------------------------------------------------------ 
(2025-03-16) : Model - gpt-4o, Technique - stepByStep, Test Name - wrong_interface 

Result: {0: {'TimeTaken': 73.09424304962158, 'Result': True, 'Failure Reason': None}, 1: {'TimeTaken': 26.378818035125732, 'Result': None, 'Failure Reason': None}, 2: {'TimeTaken': 163.7625641822815, 'Result': None, 'Failure Reason': None}, 3: {'TimeTaken': 237.2256202697754, 'Result': True, 'Failure Reason': None}, 4: {'TimeTaken': 16.15208101272583, 'Result': None, 'Failure Reason': None}, 5: {'TimeTaken': 49.80878138542175, 'Result': True, 'Failure Reason': None}, 6: {'TimeTaken': 29.20161461830139, 'Result': True, 'Failure Reason': None}, 7: {'TimeTaken': 42.24959325790405, 'Result': True, 'Failure Reason': None}, 8: {'TimeTaken': 246.8031210899353, 'Result': True, 'Failure Reason': None}, 9: {'TimeTaken': 87.31408333778381, 'Result': True, 'Failure Reason': None}, 10: {'TimeTaken': 38.77655267715454, 'Result': None, 'Failure Reason': None}, 11: {'TimeTaken': 228.04221773147583, 'Result': True, 'Failure Reason': None}, 12: {'TimeTaken': 71.70437455177307, 'Result': None, 'Failure Reason': None}, 13: {'TimeTaken': 82.72712969779968, 'Result': True, 'Failure Reason': None}, 14: {'TimeTaken': 201.3171510696411, 'Result': True, 'Failure Reason': None}, 15: {'TimeTaken': 199.31442713737488, 'Result': True, 'Failure Reason': None}, 16: {'TimeTaken': 13.43991470336914, 'Result': None, 'Failure Reason': None}, 17: {'TimeTaken': 72.86423373222351, 'Result': True, 'Failure Reason': None}, 18: {'TimeTaken': 69.56629490852356, 'Result': True, 'Failure Reason': None}, 19: {'TimeTaken': 136.67158842086792, 'Result': True, 'Failure Reason': None}} 

------------------------------------------------------------------ 
(2025-03-16) : Model - gpt-4o, Technique - stepByStep, Test Name - wrong_port 

Result: {0: {'TimeTaken': 95.47673225402832, 'Result': True, 'Failure Reason': None}, 1: {'TimeTaken': 296.10520219802856, 'Result': True, 'Failure Reason': None}, 2: {'TimeTaken': 245.2065634727478, 'Result': None, 'Failure Reason': None}, 3: {'TimeTaken': 203.70562028884888, 'Result': True, 'Failure Reason': None}, 4: {'TimeTaken': 55.604310750961304, 'Result': None, 'Failure Reason': None}, 5: {'TimeTaken': 64.62385511398315, 'Result': True, 'Failure Reason': None}, 6: {'TimeTaken': 78.52529811859131, 'Result': None, 'Failure Reason': None}, 7: {'TimeTaken': 15.87076711654663, 'Result': None, 'Failure Reason': None}, 8: {'TimeTaken': 63.66408157348633, 'Result': True, 'Failure Reason': None}, 9: {'TimeTaken': 70.17230010032654, 'Result': True, 'Failure Reason': None}, 10: {'TimeTaken': 63.87488770484924, 'Result': True, 'Failure Reason': None}, 11: {'TimeTaken': 62.90957307815552, 'Result': True, 'Failure Reason': None}, 12: {'TimeTaken': 280.0752191543579, 'Result': True, 'Failure Reason': None}, 13: {'TimeTaken': 142.63183403015137, 'Result': None, 'Failure Reason': None}, 14: {'TimeTaken': 63.34750199317932, 'Result': True, 'Failure Reason': None}, 15: {'TimeTaken': 63.73883938789368, 'Result': True, 'Failure Reason': None}, 16: {'TimeTaken': 61.81399655342102, 'Result': None, 'Failure Reason': None}, 17: {'TimeTaken': 108.90845513343811, 'Result': True, 'Failure Reason': None}, 18: {'TimeTaken': 13.959496259689331, 'Result': None, 'Failure Reason': None}, 19: {'TimeTaken': 68.5990822315216, 'Result': True, 'Failure Reason': None}} 

------------------------------------------------------------------ 
